Using pre-set license
Built from '2022.3/staging' branch; Version is '2022.3.13f1 (5f90a5ebde0f) revision 6262949'; Using compiler version '192829333'; Build Type 'Release'
OS: 'Windows 11  (10.0.22631) 64bit Core' Language: 'en' Physical Memory: 16019 MB
BatchMode: 1, IsHumanControllingUs: 0, StartBugReporterOnCrash: 0, Is64bit: 1, IsPro: 1

COMMAND LINE ARGUMENTS:
C:\Program Files\Unity\Hub\Editor\2022.3.13f1\Editor\Unity.exe
-adb2
-batchMode
-noUpm
-name
AssetImportWorker3
-projectPath
C:/Users/yaren/BPW-2-Project-2024
-logFile
Logs/AssetImportWorker3.log
-srvPort
54807
Successfully changed project path to: C:/Users/yaren/BPW-2-Project-2024
C:/Users/yaren/BPW-2-Project-2024
[UnityMemory] Configuration Parameters - Can be set up in boot.config
    "memorysetup-bucket-allocator-granularity=16"
    "memorysetup-bucket-allocator-bucket-count=8"
    "memorysetup-bucket-allocator-block-size=33554432"
    "memorysetup-bucket-allocator-block-count=8"
    "memorysetup-main-allocator-block-size=16777216"
    "memorysetup-thread-allocator-block-size=16777216"
    "memorysetup-gfx-main-allocator-block-size=16777216"
    "memorysetup-gfx-thread-allocator-block-size=16777216"
    "memorysetup-cache-allocator-block-size=4194304"
    "memorysetup-typetree-allocator-block-size=2097152"
    "memorysetup-profiler-bucket-allocator-granularity=16"
    "memorysetup-profiler-bucket-allocator-bucket-count=8"
    "memorysetup-profiler-bucket-allocator-block-size=33554432"
    "memorysetup-profiler-bucket-allocator-block-count=8"
    "memorysetup-profiler-allocator-block-size=16777216"
    "memorysetup-profiler-editor-allocator-block-size=1048576"
    "memorysetup-temp-allocator-size-main=16777216"
    "memorysetup-job-temp-allocator-block-size=2097152"
    "memorysetup-job-temp-allocator-block-size-background=1048576"
    "memorysetup-job-temp-allocator-reduction-small-platforms=262144"
    "memorysetup-allocator-temp-initial-block-size-main=262144"
    "memorysetup-allocator-temp-initial-block-size-worker=262144"
    "memorysetup-temp-allocator-size-background-worker=32768"
    "memorysetup-temp-allocator-size-job-worker=262144"
    "memorysetup-temp-allocator-size-preload-manager=33554432"
    "memorysetup-temp-allocator-size-nav-mesh-worker=65536"
    "memorysetup-temp-allocator-size-audio-worker=65536"
    "memorysetup-temp-allocator-size-cloud-worker=32768"
    "memorysetup-temp-allocator-size-gi-baking-worker=262144"
    "memorysetup-temp-allocator-size-gfx=262144"
Player connection [77560] Host "[IP] 10.3.29.132 [Port] 0 [Flags] 2 [Guid] 28867288 [EditorId] 28867288 [Version] 1048832 [Id] WindowsEditor(7,yarens-laptop) [Debug] 1 [PackageName] WindowsEditor [ProjectName] Editor" joined multi-casting on [225.0.0.222:54997]...

Player connection [77560] Host "[IP] 10.3.29.132 [Port] 0 [Flags] 2 [Guid] 28867288 [EditorId] 28867288 [Version] 1048832 [Id] WindowsEditor(7,yarens-laptop) [Debug] 1 [PackageName] WindowsEditor [ProjectName] Editor" joined alternative multi-casting on [225.0.0.222:34997]...

[Physics::Module] Initialized MultithreadedJobDispatcher with 19 workers.
Refreshing native plugins compatible for Editor in 9.01 ms, found 4 plugins.
Preloading 0 native plugins for Editor in 0.00 ms.
Initialize engine version: 2022.3.13f1 (5f90a5ebde0f)
[Subsystems] Discovering subsystems at path C:/Program Files/Unity/Hub/Editor/2022.3.13f1/Editor/Data/Resources/UnitySubsystems
[Subsystems] Discovering subsystems at path C:/Users/yaren/BPW-2-Project-2024/Assets
GfxDevice: creating device client; threaded=0; jobified=0
Direct3D:
    Version:  Direct3D 11.0 [level 11.1]
    Renderer: NVIDIA GeForce RTX 4070 Laptop GPU (ID=0x2860)
    Vendor:   NVIDIA
    VRAM:     7963 MB
    Driver:   31.0.15.4617
Initialize mono
Mono path[0] = 'C:/Program Files/Unity/Hub/Editor/2022.3.13f1/Editor/Data/Managed'
Mono path[1] = 'C:/Program Files/Unity/Hub/Editor/2022.3.13f1/Editor/Data/MonoBleedingEdge/lib/mono/unityjit-win32'
Mono config path = 'C:/Program Files/Unity/Hub/Editor/2022.3.13f1/Editor/Data/MonoBleedingEdge/etc'
Using monoOptions --debugger-agent=transport=dt_socket,embedding=1,server=y,suspend=n,address=127.0.0.1:56556
Begin MonoManager ReloadAssembly
Registering precompiled unity dll's ...
Register platform support module: C:/Program Files/Unity/Hub/Editor/2022.3.13f1/Editor/Data/PlaybackEngines/WindowsStandaloneSupport/UnityEditor.WindowsStandalone.Extensions.dll
Registered in 0.004143 seconds.
- Loaded All Assemblies, in  0.222 seconds
Native extension for WindowsStandalone target not found
Mono: successfully reloaded assembly
- Finished resetting the current domain, in  0.167 seconds
Domain Reload Profiling: 388ms
	BeginReloadAssembly (70ms)
		ExecutionOrderSort (0ms)
		DisableScriptedObjects (0ms)
		BackupInstance (0ms)
		ReleaseScriptingObjects (0ms)
		CreateAndSetChildDomain (1ms)
	RebuildCommonClasses (22ms)
	RebuildNativeTypeToScriptingClass (6ms)
	initialDomainReloadingComplete (39ms)
	LoadAllAssembliesAndSetupDomain (83ms)
		LoadAssemblies (68ms)
		RebuildTransferFunctionScriptingTraits (0ms)
		AnalyzeDomain (82ms)
			TypeCache.Refresh (81ms)
				TypeCache.ScanAssembly (72ms)
			ScanForSourceGeneratedMonoScriptInfo (0ms)
			ResolveRequiredComponents (0ms)
	FinalizeReload (167ms)
		ReleaseScriptCaches (0ms)
		RebuildScriptCaches (0ms)
		SetupLoadedEditorAssemblies (129ms)
			LogAssemblyErrors (0ms)
			InitializePlatformSupportModulesInManaged (7ms)
			SetLoadedEditorAssemblies (5ms)
			RefreshPlugins (0ms)
			BeforeProcessingInitializeOnLoad (1ms)
			ProcessInitializeOnLoadAttributes (84ms)
			ProcessInitializeOnLoadMethodAttributes (33ms)
			AfterProcessingInitializeOnLoad (0ms)
			EditorAssembliesLoaded (0ms)
		ExecutionOrderSort2 (0ms)
		AwakeInstancesAfterBackupRestoration (0ms)
========================================================================
Worker process is ready to serve import requests
Begin MonoManager ReloadAssembly
- Loaded All Assemblies, in  0.507 seconds
Refreshing native plugins compatible for Editor in 3.04 ms, found 4 plugins.
Native extension for WindowsStandalone target not found
Package Manager log level set to [2]
[Package Manager] Server::EnsureServerProcessIsRunning -- launch failed, reason: Unity was launched with the -noUpm command-line argument
[Package Manager] UpmClient::Send -- Unable to send message (not connected to UPM process).
[Package Manager] Cannot connect to Unity Package Manager local server
Mono: successfully reloaded assembly
- Finished resetting the current domain, in  0.554 seconds
Domain Reload Profiling: 1058ms
	BeginReloadAssembly (97ms)
		ExecutionOrderSort (0ms)
		DisableScriptedObjects (3ms)
		BackupInstance (0ms)
		ReleaseScriptingObjects (0ms)
		CreateAndSetChildDomain (12ms)
	RebuildCommonClasses (25ms)
	RebuildNativeTypeToScriptingClass (8ms)
	initialDomainReloadingComplete (29ms)
	LoadAllAssembliesAndSetupDomain (345ms)
		LoadAssemblies (240ms)
		RebuildTransferFunctionScriptingTraits (0ms)
		AnalyzeDomain (163ms)
			TypeCache.Refresh (132ms)
				TypeCache.ScanAssembly (120ms)
			ScanForSourceGeneratedMonoScriptInfo (21ms)
			ResolveRequiredComponents (9ms)
	FinalizeReload (554ms)
		ReleaseScriptCaches (0ms)
		RebuildScriptCaches (0ms)
		SetupLoadedEditorAssemblies (422ms)
			LogAssemblyErrors (0ms)
			InitializePlatformSupportModulesInManaged (5ms)
			SetLoadedEditorAssemblies (4ms)
			RefreshPlugins (0ms)
			BeforeProcessingInitializeOnLoad (62ms)
			ProcessInitializeOnLoadAttributes (290ms)
			ProcessInitializeOnLoadMethodAttributes (57ms)
			AfterProcessingInitializeOnLoad (5ms)
			EditorAssembliesLoaded (0ms)
		ExecutionOrderSort2 (0ms)
		AwakeInstancesAfterBackupRestoration (4ms)
Launched and connected shader compiler UnityShaderCompiler.exe after 0.29 seconds
Refreshing native plugins compatible for Editor in 5.07 ms, found 4 plugins.
Preloading 0 native plugins for Editor in 0.00 ms.
Unloading 5950 Unused Serialized files (Serialized files now loaded: 0)
Unloading 116 unused Assets / (1.8 MB). Loaded Objects now: 6395.
Memory consumption went from 238.9 MB to 237.0 MB.
Total: 3.553500 ms (FindLiveObjects: 0.343800 ms CreateObjectMapping: 0.194500 ms MarkObjects: 2.611900 ms  DeleteObjects: 0.401800 ms)

AssetImportParameters requested are different than current active one (requested -> active):
  custom:container-demuxer-ogg: 62fdf1f143b41e24485cea50d1cbac27 -> 
  custom:video-codec-MediaFoundation-h265: 746d11721c4dcdbdad8f713fa42b33f4 -> 
  custom:video-decoder-ogg-theora: a1e56fd34408186e4bbccfd4996cb3dc -> 
  custom:framework-win-MediaFoundation: 216162199b28c13a410421893ffa2e32 -> 
  custom:CustomObjectIndexerAttribute: d54d2f2da18e7612c182cf67624b6b12 -> 
  custom:container-demuxer-webm: 4f35f7cbe854078d1ac9338744f61a02 -> 
  custom:container-muxer-webm: aa71ff27fc2769a1b78a27578f13a17b -> 
  custom:video-decoder-webm-vp8: 9c59270c3fd7afecdb556c50c9e8de78 -> 
  custom:SearchIndexIgnoredProperties: e643bd26f0fe6173181afceb89e7c659 -> 
  custom:AudioImporter_EditorPlatform: d09bf68614088b80899f8185d706f6e7 -> 
  custom:video-encoder-webm-vp8: eb34c28f22e8b96e1ab97ce403110664 -> 
  custom:audio-decoder-ogg-vorbis: bf7c407c2cedff20999df2af8eb42d56 -> 
  custom:audio-encoder-webm-vorbis: bf7c407c2cedff20999df2af8eb42d56 -> 
========================================================================
Received Import Request.
  Time since last request: 1391564.607548 seconds.
  path: Assets/Tiles/assets extra bpw 3_2.asset
  artifactKey: Guid(9d51ac7be81dd51469e039eb5fac1a76) Importer(815301076,1909f56bfc062723c751e8b465ee728b)
Start importing Assets/Tiles/assets extra bpw 3_2.asset using Guid(9d51ac7be81dd51469e039eb5fac1a76) Importer(815301076,1909f56bfc062723c751e8b465ee728b)  -> (artifact id: '8ab349927e32002fb083eb3fd6f210b2') in 0.079706 seconds
Number of updated asset objects reloaded before import = 0
Number of asset objects unloaded after import = 3
========================================================================
Received Import Request.
  Time since last request: 0.000016 seconds.
  path: Assets/Tiles/assets extra bpw 3_6.asset
  artifactKey: Guid(d019c56cf3cb5a94e93ff9b030974bf0) Importer(815301076,1909f56bfc062723c751e8b465ee728b)
Start importing Assets/Tiles/assets extra bpw 3_6.asset using Guid(d019c56cf3cb5a94e93ff9b030974bf0) Importer(815301076,1909f56bfc062723c751e8b465ee728b)  -> (artifact id: '335788c15b4f4e08c6d6b085771ae3f7') in 0.025268 seconds
Number of updated asset objects reloaded before import = 0
Number of asset objects unloaded after import = 3
========================================================================
Received Import Request.
  Time since last request: 0.000022 seconds.
  path: Assets/Tiles/assets extra bpw 3_5.asset
  artifactKey: Guid(c8e404945920f0d4e8c265823b97f22e) Importer(815301076,1909f56bfc062723c751e8b465ee728b)
Start importing Assets/Tiles/assets extra bpw 3_5.asset using Guid(c8e404945920f0d4e8c265823b97f22e) Importer(815301076,1909f56bfc062723c751e8b465ee728b)  -> (artifact id: '5a807ab70cb732ce6f9470d04a9739fa') in 0.025028 seconds
Number of updated asset objects reloaded before import = 0
Number of asset objects unloaded after import = 3
========================================================================
Received Import Request.
  Time since last request: 0.000134 seconds.
  path: Assets/Tiles/assets extra bpw 3_18.asset
  artifactKey: Guid(5433b7ba636b4b14cbd7b3c830eb8e67) Importer(815301076,1909f56bfc062723c751e8b465ee728b)
Start importing Assets/Tiles/assets extra bpw 3_18.asset using Guid(5433b7ba636b4b14cbd7b3c830eb8e67) Importer(815301076,1909f56bfc062723c751e8b465ee728b)  -> (artifact id: '6c5bf8cef637608ea7bed3ccd20c57d5') in 0.024460 seconds
Number of updated asset objects reloaded before import = 0
Number of asset objects unloaded after import = 3
========================================================================
Received Import Request.
  Time since last request: 0.000013 seconds.
  path: Assets/Tiles/tilemap test-Recovered_35.asset
  artifactKey: Guid(19e622dd06c4d2c40a85cd9b805d7b99) Importer(815301076,1909f56bfc062723c751e8b465ee728b)
Start importing Assets/Tiles/tilemap test-Recovered_35.asset using Guid(19e622dd06c4d2c40a85cd9b805d7b99) Importer(815301076,1909f56bfc062723c751e8b465ee728b)  -> (artifact id: '996befa518eac45a5d336a063f180b1e') in 0.013156 seconds
Number of updated asset objects reloaded before import = 0
Number of asset objects unloaded after import = 3
========================================================================
Received Import Request.
  Time since last request: 0.000014 seconds.
  path: Assets/Tiles/tilemap test-Recovered_8.asset
  artifactKey: Guid(7a7f7b9b7421d4f40b3bf3995deb4619) Importer(815301076,1909f56bfc062723c751e8b465ee728b)
Start importing Assets/Tiles/tilemap test-Recovered_8.asset using Guid(7a7f7b9b7421d4f40b3bf3995deb4619) Importer(815301076,1909f56bfc062723c751e8b465ee728b)  -> (artifact id: 'e5d20759ea95cf5dbbe742477b8f4ecd') in 0.013380 seconds
Number of updated asset objects reloaded before import = 0
Number of asset objects unloaded after import = 3
========================================================================
Received Import Request.
  Time since last request: 0.000018 seconds.
  path: Assets/Tiles/assets extra bpw 3_3.asset
  artifactKey: Guid(0ced41adae2915f40b9d5c2cc30e8541) Importer(815301076,1909f56bfc062723c751e8b465ee728b)
Start importing Assets/Tiles/assets extra bpw 3_3.asset using Guid(0ced41adae2915f40b9d5c2cc30e8541) Importer(815301076,1909f56bfc062723c751e8b465ee728b)  -> (artifact id: '6d44522d6dc743898dca9c285a701d05') in 0.031772 seconds
Number of updated asset objects reloaded before import = 0
Number of asset objects unloaded after import = 3
========================================================================
Received Import Request.
  Time since last request: 0.000021 seconds.
  path: Assets/Tiles/tilemap test-Recovered_6.asset
  artifactKey: Guid(9e442f8d1f70eac4fa0bf9e2450d6ac3) Importer(815301076,1909f56bfc062723c751e8b465ee728b)
Start importing Assets/Tiles/tilemap test-Recovered_6.asset using Guid(9e442f8d1f70eac4fa0bf9e2450d6ac3) Importer(815301076,1909f56bfc062723c751e8b465ee728b)  -> (artifact id: '4137897140d050e698573b480c99089d') in 0.015005 seconds
Number of updated asset objects reloaded before import = 0
Number of asset objects unloaded after import = 3
========================================================================
Received Import Request.
  Time since last request: 0.000224 seconds.
  path: Assets/Tiles/tilemap test-Recovered_15.asset
  artifactKey: Guid(6a6a8035f0071d44da4a8d6ea73bf2b0) Importer(815301076,1909f56bfc062723c751e8b465ee728b)
Start importing Assets/Tiles/tilemap test-Recovered_15.asset using Guid(6a6a8035f0071d44da4a8d6ea73bf2b0) Importer(815301076,1909f56bfc062723c751e8b465ee728b)  -> (artifact id: 'cd47a366858769d2ba414ed73d019caf') in 0.013341 seconds
Number of updated asset objects reloaded before import = 0
Number of asset objects unloaded after import = 3
========================================================================
Received Import Request.
  Time since last request: 0.000017 seconds.
  path: Assets/Tiles/assets extra bpw 3_4.asset
  artifactKey: Guid(d67f4aa87f8e4e443bcb8e9042d11d90) Importer(815301076,1909f56bfc062723c751e8b465ee728b)
Start importing Assets/Tiles/assets extra bpw 3_4.asset using Guid(d67f4aa87f8e4e443bcb8e9042d11d90) Importer(815301076,1909f56bfc062723c751e8b465ee728b)  -> (artifact id: '9e89e795beacfd5b1d61a2bfa53f00ed') in 0.022192 seconds
Number of updated asset objects reloaded before import = 0
Number of asset objects unloaded after import = 3
========================================================================
Received Import Request.
  Time since last request: 0.000019 seconds.
  path: Assets/Tiles/tilemap test-Recovered_38.asset
  artifactKey: Guid(27b274a70b3d2d64aa0ede33d6ef3b0f) Importer(815301076,1909f56bfc062723c751e8b465ee728b)
Start importing Assets/Tiles/tilemap test-Recovered_38.asset using Guid(27b274a70b3d2d64aa0ede33d6ef3b0f) Importer(815301076,1909f56bfc062723c751e8b465ee728b)  -> (artifact id: 'a9701bf48988b3ecb91b49facf2d5d23') in 0.016721 seconds
Number of updated asset objects reloaded before import = 0
Number of asset objects unloaded after import = 3
========================================================================
Received Import Request.
  Time since last request: 0.000025 seconds.
  path: Assets/Tiles/tilemap test-Recovered_7.asset
  artifactKey: Guid(e5b6447340fbd4346a22120f911b074e) Importer(815301076,1909f56bfc062723c751e8b465ee728b)
Start importing Assets/Tiles/tilemap test-Recovered_7.asset using Guid(e5b6447340fbd4346a22120f911b074e) Importer(815301076,1909f56bfc062723c751e8b465ee728b)  -> (artifact id: '2265243b4bf3d53d7811577fc41ffc8b') in 0.017540 seconds
Number of updated asset objects reloaded before import = 0
Number of asset objects unloaded after import = 3
========================================================================
Received Import Request.
  Time since last request: 0.000039 seconds.
  path: Assets/Tiles/tilemap test-Recovered_22.asset
  artifactKey: Guid(c4700c581a862a94988dc558dfb0d591) Importer(815301076,1909f56bfc062723c751e8b465ee728b)
Start importing Assets/Tiles/tilemap test-Recovered_22.asset using Guid(c4700c581a862a94988dc558dfb0d591) Importer(815301076,1909f56bfc062723c751e8b465ee728b)  -> (artifact id: '5d431145a7cb3f84744b295eb5b8ee3f') in 0.015544 seconds
Number of updated asset objects reloaded before import = 0
Number of asset objects unloaded after import = 3
========================================================================
Received Import Request.
  Time since last request: 0.000015 seconds.
  path: Assets/Tiles/tilemap test-Recovered_17.asset
  artifactKey: Guid(7d04d08153e00da4d9f1deff87bb59de) Importer(815301076,1909f56bfc062723c751e8b465ee728b)
Start importing Assets/Tiles/tilemap test-Recovered_17.asset using Guid(7d04d08153e00da4d9f1deff87bb59de) Importer(815301076,1909f56bfc062723c751e8b465ee728b)  -> (artifact id: 'dfa92310a62f484287acff52ac0f45b3') in 0.015993 seconds
Number of updated asset objects reloaded before import = 0
Number of asset objects unloaded after import = 3
========================================================================
Received Import Request.
  Time since last request: 0.000019 seconds.
  path: Assets/Tiles/tilemap test-Recovered_37.asset
  artifactKey: Guid(6a2efb5bdb61df44ebf1bfc1b823e9eb) Importer(815301076,1909f56bfc062723c751e8b465ee728b)
Start importing Assets/Tiles/tilemap test-Recovered_37.asset using Guid(6a2efb5bdb61df44ebf1bfc1b823e9eb) Importer(815301076,1909f56bfc062723c751e8b465ee728b)  -> (artifact id: 'd7a3bb4066645e0d34828cd283ae2d48') in 0.012720 seconds
Number of updated asset objects reloaded before import = 0
Number of asset objects unloaded after import = 3
========================================================================
Received Import Request.
  Time since last request: 0.000016 seconds.
  path: Assets/Tiles/assets extra bpw 3_9.asset
  artifactKey: Guid(a817b30f03beef4478eb4ed3c0f7f076) Importer(815301076,1909f56bfc062723c751e8b465ee728b)
Start importing Assets/Tiles/assets extra bpw 3_9.asset using Guid(a817b30f03beef4478eb4ed3c0f7f076) Importer(815301076,1909f56bfc062723c751e8b465ee728b)  -> (artifact id: '8b694146a1247d93bdff8e9580ddf4a9') in 0.037687 seconds
Number of updated asset objects reloaded before import = 0
Number of asset objects unloaded after import = 3
========================================================================
Received Import Request.
  Time since last request: 0.000052 seconds.
  path: Assets/Tiles/assets extra bpw 3_10.asset
  artifactKey: Guid(e57bf3bc91e6a004dbbcd0f13e0d8308) Importer(815301076,1909f56bfc062723c751e8b465ee728b)
Start importing Assets/Tiles/assets extra bpw 3_10.asset using Guid(e57bf3bc91e6a004dbbcd0f13e0d8308) Importer(815301076,1909f56bfc062723c751e8b465ee728b)  -> (artifact id: 'a728a2c058ff1bc665a32ee1a5d2e3a2') in 0.027291 seconds
Number of updated asset objects reloaded before import = 0
Number of asset objects unloaded after import = 3
========================================================================
Received Import Request.
  Time since last request: 0.000023 seconds.
  path: Assets/Tiles/assets extra bpw 3_19.asset
  artifactKey: Guid(88b85a727e39bb7478dc02e898a8b995) Importer(815301076,1909f56bfc062723c751e8b465ee728b)
Start importing Assets/Tiles/assets extra bpw 3_19.asset using Guid(88b85a727e39bb7478dc02e898a8b995) Importer(815301076,1909f56bfc062723c751e8b465ee728b)  -> (artifact id: 'e60716e6957000e4d3cfcbcee54b6a67') in 0.022209 seconds
Number of updated asset objects reloaded before import = 0
Number of asset objects unloaded after import = 3
Editor requested this worker to shutdown with reason: Scaling down because of idle timeout
TcpMessagingSession - receive error: operation aborted. errorcode: 995, details: The I/O operation has been aborted because of either a thread exit or an application request.
AssetImportWorker is now disconnected from the server
Process exiting
Exiting without the bug reporter. Application will terminate with return code 0