Using pre-set license
Built from '2022.3/staging' branch; Version is '2022.3.13f1 (5f90a5ebde0f) revision 6262949'; Using compiler version '192829333'; Build Type 'Release'
OS: 'Windows 11  (10.0.22631) 64bit Core' Language: 'en' Physical Memory: 16019 MB
BatchMode: 1, IsHumanControllingUs: 0, StartBugReporterOnCrash: 0, Is64bit: 1, IsPro: 1

COMMAND LINE ARGUMENTS:
C:\Program Files\Unity\Hub\Editor\2022.3.13f1\Editor\Unity.exe
-adb2
-batchMode
-noUpm
-name
AssetImportWorker4
-projectPath
C:/Users/yaren/BPW-2-Project-2024
-logFile
Logs/AssetImportWorker4.log
-srvPort
54807
Successfully changed project path to: C:/Users/yaren/BPW-2-Project-2024
C:/Users/yaren/BPW-2-Project-2024
[UnityMemory] Configuration Parameters - Can be set up in boot.config
    "memorysetup-bucket-allocator-granularity=16"
    "memorysetup-bucket-allocator-bucket-count=8"
    "memorysetup-bucket-allocator-block-size=33554432"
    "memorysetup-bucket-allocator-block-count=8"
    "memorysetup-main-allocator-block-size=16777216"
    "memorysetup-thread-allocator-block-size=16777216"
    "memorysetup-gfx-main-allocator-block-size=16777216"
    "memorysetup-gfx-thread-allocator-block-size=16777216"
    "memorysetup-cache-allocator-block-size=4194304"
    "memorysetup-typetree-allocator-block-size=2097152"
    "memorysetup-profiler-bucket-allocator-granularity=16"
    "memorysetup-profiler-bucket-allocator-bucket-count=8"
    "memorysetup-profiler-bucket-allocator-block-size=33554432"
    "memorysetup-profiler-bucket-allocator-block-count=8"
    "memorysetup-profiler-allocator-block-size=16777216"
    "memorysetup-profiler-editor-allocator-block-size=1048576"
    "memorysetup-temp-allocator-size-main=16777216"
    "memorysetup-job-temp-allocator-block-size=2097152"
    "memorysetup-job-temp-allocator-block-size-background=1048576"
    "memorysetup-job-temp-allocator-reduction-small-platforms=262144"
    "memorysetup-allocator-temp-initial-block-size-main=262144"
    "memorysetup-allocator-temp-initial-block-size-worker=262144"
    "memorysetup-temp-allocator-size-background-worker=32768"
    "memorysetup-temp-allocator-size-job-worker=262144"
    "memorysetup-temp-allocator-size-preload-manager=33554432"
    "memorysetup-temp-allocator-size-nav-mesh-worker=65536"
    "memorysetup-temp-allocator-size-audio-worker=65536"
    "memorysetup-temp-allocator-size-cloud-worker=32768"
    "memorysetup-temp-allocator-size-gi-baking-worker=262144"
    "memorysetup-temp-allocator-size-gfx=262144"
Player connection [13860] Host "[IP] 10.3.29.132 [Port] 0 [Flags] 2 [Guid] 192320334 [EditorId] 192320334 [Version] 1048832 [Id] WindowsEditor(7,yarens-laptop) [Debug] 1 [PackageName] WindowsEditor [ProjectName] Editor" joined multi-casting on [225.0.0.222:54997]...

Player connection [13860] Host "[IP] 10.3.29.132 [Port] 0 [Flags] 2 [Guid] 192320334 [EditorId] 192320334 [Version] 1048832 [Id] WindowsEditor(7,yarens-laptop) [Debug] 1 [PackageName] WindowsEditor [ProjectName] Editor" joined alternative multi-casting on [225.0.0.222:34997]...

[Physics::Module] Initialized MultithreadedJobDispatcher with 19 workers.
Refreshing native plugins compatible for Editor in 9.77 ms, found 4 plugins.
Preloading 0 native plugins for Editor in 0.00 ms.
Initialize engine version: 2022.3.13f1 (5f90a5ebde0f)
[Subsystems] Discovering subsystems at path C:/Program Files/Unity/Hub/Editor/2022.3.13f1/Editor/Data/Resources/UnitySubsystems
[Subsystems] Discovering subsystems at path C:/Users/yaren/BPW-2-Project-2024/Assets
GfxDevice: creating device client; threaded=0; jobified=0
Direct3D:
    Version:  Direct3D 11.0 [level 11.1]
    Renderer: NVIDIA GeForce RTX 4070 Laptop GPU (ID=0x2860)
    Vendor:   NVIDIA
    VRAM:     7963 MB
    Driver:   31.0.15.4617
Initialize mono
Mono path[0] = 'C:/Program Files/Unity/Hub/Editor/2022.3.13f1/Editor/Data/Managed'
Mono path[1] = 'C:/Program Files/Unity/Hub/Editor/2022.3.13f1/Editor/Data/MonoBleedingEdge/lib/mono/unityjit-win32'
Mono config path = 'C:/Program Files/Unity/Hub/Editor/2022.3.13f1/Editor/Data/MonoBleedingEdge/etc'
Using monoOptions --debugger-agent=transport=dt_socket,embedding=1,server=y,suspend=n,address=127.0.0.1:56500
Begin MonoManager ReloadAssembly
Registering precompiled unity dll's ...
Register platform support module: C:/Program Files/Unity/Hub/Editor/2022.3.13f1/Editor/Data/PlaybackEngines/WindowsStandaloneSupport/UnityEditor.WindowsStandalone.Extensions.dll
Registered in 0.004814 seconds.
- Loaded All Assemblies, in  0.237 seconds
Native extension for WindowsStandalone target not found
Mono: successfully reloaded assembly
- Finished resetting the current domain, in  0.184 seconds
Domain Reload Profiling: 420ms
	BeginReloadAssembly (76ms)
		ExecutionOrderSort (0ms)
		DisableScriptedObjects (0ms)
		BackupInstance (0ms)
		ReleaseScriptingObjects (0ms)
		CreateAndSetChildDomain (1ms)
	RebuildCommonClasses (22ms)
	RebuildNativeTypeToScriptingClass (7ms)
	initialDomainReloadingComplete (39ms)
	LoadAllAssembliesAndSetupDomain (92ms)
		LoadAssemblies (75ms)
		RebuildTransferFunctionScriptingTraits (0ms)
		AnalyzeDomain (90ms)
			TypeCache.Refresh (89ms)
				TypeCache.ScanAssembly (80ms)
			ScanForSourceGeneratedMonoScriptInfo (0ms)
			ResolveRequiredComponents (0ms)
	FinalizeReload (184ms)
		ReleaseScriptCaches (0ms)
		RebuildScriptCaches (0ms)
		SetupLoadedEditorAssemblies (143ms)
			LogAssemblyErrors (0ms)
			InitializePlatformSupportModulesInManaged (7ms)
			SetLoadedEditorAssemblies (6ms)
			RefreshPlugins (0ms)
			BeforeProcessingInitializeOnLoad (1ms)
			ProcessInitializeOnLoadAttributes (93ms)
			ProcessInitializeOnLoadMethodAttributes (35ms)
			AfterProcessingInitializeOnLoad (0ms)
			EditorAssembliesLoaded (0ms)
		ExecutionOrderSort2 (0ms)
		AwakeInstancesAfterBackupRestoration (0ms)
========================================================================
Worker process is ready to serve import requests
Begin MonoManager ReloadAssembly
- Loaded All Assemblies, in  0.590 seconds
Refreshing native plugins compatible for Editor in 4.77 ms, found 4 plugins.
Native extension for WindowsStandalone target not found
Package Manager log level set to [2]
[Package Manager] Server::EnsureServerProcessIsRunning -- launch failed, reason: Unity was launched with the -noUpm command-line argument
[Package Manager] UpmClient::Send -- Unable to send message (not connected to UPM process).
[Package Manager] Cannot connect to Unity Package Manager local server
Mono: successfully reloaded assembly
- Finished resetting the current domain, in  0.552 seconds
Domain Reload Profiling: 1140ms
	BeginReloadAssembly (103ms)
		ExecutionOrderSort (0ms)
		DisableScriptedObjects (3ms)
		BackupInstance (0ms)
		ReleaseScriptingObjects (0ms)
		CreateAndSetChildDomain (14ms)
	RebuildCommonClasses (24ms)
	RebuildNativeTypeToScriptingClass (8ms)
	initialDomainReloadingComplete (30ms)
	LoadAllAssembliesAndSetupDomain (422ms)
		LoadAssemblies (319ms)
		RebuildTransferFunctionScriptingTraits (0ms)
		AnalyzeDomain (164ms)
			TypeCache.Refresh (137ms)
				TypeCache.ScanAssembly (125ms)
			ScanForSourceGeneratedMonoScriptInfo (19ms)
			ResolveRequiredComponents (7ms)
	FinalizeReload (552ms)
		ReleaseScriptCaches (0ms)
		RebuildScriptCaches (0ms)
		SetupLoadedEditorAssemblies (423ms)
			LogAssemblyErrors (0ms)
			InitializePlatformSupportModulesInManaged (4ms)
			SetLoadedEditorAssemblies (4ms)
			RefreshPlugins (0ms)
			BeforeProcessingInitializeOnLoad (63ms)
			ProcessInitializeOnLoadAttributes (276ms)
			ProcessInitializeOnLoadMethodAttributes (70ms)
			AfterProcessingInitializeOnLoad (7ms)
			EditorAssembliesLoaded (0ms)
		ExecutionOrderSort2 (0ms)
		AwakeInstancesAfterBackupRestoration (7ms)
Launched and connected shader compiler UnityShaderCompiler.exe after 0.06 seconds
Refreshing native plugins compatible for Editor in 6.26 ms, found 4 plugins.
Preloading 0 native plugins for Editor in 0.00 ms.
Unloading 5950 Unused Serialized files (Serialized files now loaded: 0)
Unloading 116 unused Assets / (1.8 MB). Loaded Objects now: 6395.
Memory consumption went from 238.9 MB to 237.1 MB.
Total: 4.418900 ms (FindLiveObjects: 0.406100 ms CreateObjectMapping: 0.155000 ms MarkObjects: 3.395300 ms  DeleteObjects: 0.459500 ms)

AssetImportParameters requested are different than current active one (requested -> active):
  custom:container-demuxer-ogg: 62fdf1f143b41e24485cea50d1cbac27 -> 
  custom:video-codec-MediaFoundation-h265: 746d11721c4dcdbdad8f713fa42b33f4 -> 
  custom:video-decoder-ogg-theora: a1e56fd34408186e4bbccfd4996cb3dc -> 
  custom:framework-win-MediaFoundation: 216162199b28c13a410421893ffa2e32 -> 
  custom:CustomObjectIndexerAttribute: d54d2f2da18e7612c182cf67624b6b12 -> 
  custom:container-demuxer-webm: 4f35f7cbe854078d1ac9338744f61a02 -> 
  custom:container-muxer-webm: aa71ff27fc2769a1b78a27578f13a17b -> 
  custom:video-decoder-webm-vp8: 9c59270c3fd7afecdb556c50c9e8de78 -> 
  custom:SearchIndexIgnoredProperties: e643bd26f0fe6173181afceb89e7c659 -> 
  custom:AudioImporter_EditorPlatform: d09bf68614088b80899f8185d706f6e7 -> 
  custom:video-encoder-webm-vp8: eb34c28f22e8b96e1ab97ce403110664 -> 
  custom:audio-decoder-ogg-vorbis: bf7c407c2cedff20999df2af8eb42d56 -> 
  custom:audio-encoder-webm-vorbis: bf7c407c2cedff20999df2af8eb42d56 -> 
========================================================================
Received Import Request.
  Time since last request: 1391604.908262 seconds.
  path: Assets/prefab/New Prefab.prefab
  artifactKey: Guid(a40caee41621f814eb968a7174bedf8b) Importer(815301076,1909f56bfc062723c751e8b465ee728b)
Start importing Assets/prefab/New Prefab.prefab using Guid(a40caee41621f814eb968a7174bedf8b) Importer(815301076,1909f56bfc062723c751e8b465ee728b)  -> (artifact id: 'db525c19af385bf312354e1ff333a796') in 0.026388 seconds
Number of updated asset objects reloaded before import = 0
Number of asset objects unloaded after import = 4
========================================================================
Received Import Request.
  Time since last request: 62.419888 seconds.
  path: Assets/prefab/Goop 2.prefab
  artifactKey: Guid(ab3ace085c1538e4a907b449c4709e69) Importer(2089858483,c8450a0e703c624ce5c6e9fb45182d35)
Start importing Assets/prefab/Goop 2.prefab using Guid(ab3ace085c1538e4a907b449c4709e69) Importer(2089858483,c8450a0e703c624ce5c6e9fb45182d35) Generated GUIDs only implemented for interfaces!
 -> (artifact id: '236b2f4e98720203d10b65370f9ddbd1') in 0.152301 seconds
Number of updated asset objects reloaded before import = 0
Number of asset objects unloaded after import = 8
========================================================================
Received Import Request.
  Time since last request: 0.000017 seconds.
  path: Assets/Tilemaps/main blocks.prefab
  artifactKey: Guid(abcb92f954cb02b43a213d46782ed2cc) Importer(2089858483,c8450a0e703c624ce5c6e9fb45182d35)
Start importing Assets/Tilemaps/main blocks.prefab using Guid(abcb92f954cb02b43a213d46782ed2cc) Importer(2089858483,c8450a0e703c624ce5c6e9fb45182d35) Generated GUIDs only implemented for interfaces!
 -> (artifact id: '59581bbb099ac55a2d24f09e6c2eac71') in 0.036210 seconds
Number of updated asset objects reloaded before import = 0
Number of asset objects unloaded after import = 10
========================================================================
Received Import Request.
  Time since last request: 0.266269 seconds.
  path: Assets/Scenes/SampleScene.unity
  artifactKey: Guid(2cda990e2423bbf4892e6590ba056729) Importer(2089858483,0ecaa5967403d082aa24f35e1b516d23)
Start importing Assets/Scenes/SampleScene.unity using Guid(2cda990e2423bbf4892e6590ba056729) Importer(2089858483,0ecaa5967403d082aa24f35e1b516d23) Generated GUIDs only implemented for interfaces!
 -> (artifact id: '66684397512368d3976c192eb1844ba9') in 0.016039 seconds
Number of updated asset objects reloaded before import = 0
Number of asset objects unloaded after import = 1
========================================================================
Received Import Request.
  Time since last request: 0.000031 seconds.
  path: Assets/Tiles/tilemap test-Recovered_32.asset
  artifactKey: Guid(dca57f631a0a0b34aaaa2bf927032cf6) Importer(2089858483,0ecaa5967403d082aa24f35e1b516d23)
Start importing Assets/Tiles/tilemap test-Recovered_32.asset using Guid(dca57f631a0a0b34aaaa2bf927032cf6) Importer(2089858483,0ecaa5967403d082aa24f35e1b516d23) Generated GUIDs only implemented for interfaces!
 -> (artifact id: 'be47ae27f0ce4750c9954dac67158a79') in 0.025587 seconds
Number of updated asset objects reloaded before import = 0
Number of asset objects unloaded after import = 3
========================================================================
Received Import Request.
  Time since last request: 0.000023 seconds.
  path: Assets/Shaders/New 2D Renderer Data.asset
  artifactKey: Guid(983aec07512a8414db589c768bf3936e) Importer(2089858483,0ecaa5967403d082aa24f35e1b516d23)
Start importing Assets/Shaders/New 2D Renderer Data.asset using Guid(983aec07512a8414db589c768bf3936e) Importer(2089858483,0ecaa5967403d082aa24f35e1b516d23) Generated GUIDs only implemented for interfaces!
 -> (artifact id: '7d5d2beeb0c5b5d7662de04007ed7f30') in 0.031873 seconds
Number of updated asset objects reloaded before import = 0
Number of asset objects unloaded after import = 1
========================================================================
Received Import Request.
  Time since last request: 0.000022 seconds.
  path: Assets/Tilemaps
  artifactKey: Guid(5d7d3b2e71b0c3641b565ef9eb4c0387) Importer(2089858483,0ecaa5967403d082aa24f35e1b516d23)
Start importing Assets/Tilemaps using Guid(5d7d3b2e71b0c3641b565ef9eb4c0387) Importer(2089858483,0ecaa5967403d082aa24f35e1b516d23) Generated GUIDs only implemented for interfaces!
 -> (artifact id: 'f889959d82ddb0743d01fc4edeadbb06') in 0.012627 seconds
Number of updated asset objects reloaded before import = 0
Number of asset objects unloaded after import = 1
========================================================================
Received Import Request.
  Time since last request: 0.000022 seconds.
  path: Assets/Shaders/New Universal Render Pipeline Asset.asset
  artifactKey: Guid(46c142f4e67b78f4a9521aed3a7d1147) Importer(2089858483,0ecaa5967403d082aa24f35e1b516d23)
Start importing Assets/Shaders/New Universal Render Pipeline Asset.asset using Guid(46c142f4e67b78f4a9521aed3a7d1147) Importer(2089858483,0ecaa5967403d082aa24f35e1b516d23) Generated GUIDs only implemented for interfaces!
 -> (artifact id: 'fc83b7f58e08a66a13165ee9b9a3a0e9') in 0.038871 seconds
Number of updated asset objects reloaded before import = 0
Number of asset objects unloaded after import = 1
========================================================================
Received Import Request.
  Time since last request: 0.000050 seconds.
  path: Assets/Tiles/fixed background hopefully.asset
  artifactKey: Guid(a9471109d64a1604299394da1dc5f504) Importer(2089858483,0ecaa5967403d082aa24f35e1b516d23)
Start importing Assets/Tiles/fixed background hopefully.asset using Guid(a9471109d64a1604299394da1dc5f504) Importer(2089858483,0ecaa5967403d082aa24f35e1b516d23) Generated GUIDs only implemented for interfaces!
 -> (artifact id: 'd915accef9514aaf5b51768365fd2c6d') in 0.015587 seconds
Number of updated asset objects reloaded before import = 0
Number of asset objects unloaded after import = 3
========================================================================
Received Import Request.
  Time since last request: 0.000024 seconds.
  path: Assets/Tiles/tilemap test-Recovered_10.asset
  artifactKey: Guid(71cc7aaa41b00ed418adde4f3a11a33a) Importer(2089858483,0ecaa5967403d082aa24f35e1b516d23)
Start importing Assets/Tiles/tilemap test-Recovered_10.asset using Guid(71cc7aaa41b00ed418adde4f3a11a33a) Importer(2089858483,0ecaa5967403d082aa24f35e1b516d23) Generated GUIDs only implemented for interfaces!
 -> (artifact id: 'f6e5f306514973e3d118e0541d7e1c1d') in 0.015745 seconds
Number of updated asset objects reloaded before import = 0
Number of asset objects unloaded after import = 3
========================================================================
Received Import Request.
  Time since last request: 0.000017 seconds.
  path: Assets/Tiles/tilemap test-Recovered_5.asset
  artifactKey: Guid(dae567643461e55429e88e9a3cc9ea77) Importer(2089858483,0ecaa5967403d082aa24f35e1b516d23)
Start importing Assets/Tiles/tilemap test-Recovered_5.asset using Guid(dae567643461e55429e88e9a3cc9ea77) Importer(2089858483,0ecaa5967403d082aa24f35e1b516d23) Generated GUIDs only implemented for interfaces!
 -> (artifact id: '0e84413cfcd4ace8941ede24eef6c9ba') in 0.019304 seconds
Number of updated asset objects reloaded before import = 0
Number of asset objects unloaded after import = 3
========================================================================
Received Import Request.
  Time since last request: 0.000019 seconds.
  path: Assets/Shaders/New Universal Render Pipeline Asset_Renderer.asset
  artifactKey: Guid(122e8d5d4373e00438a17538d76e1933) Importer(2089858483,0ecaa5967403d082aa24f35e1b516d23)
Start importing Assets/Shaders/New Universal Render Pipeline Asset_Renderer.asset using Guid(122e8d5d4373e00438a17538d76e1933) Importer(2089858483,0ecaa5967403d082aa24f35e1b516d23) Generated GUIDs only implemented for interfaces!
 -> (artifact id: 'f389caf351163a59d5fb02773e5b7a67') in 0.028564 seconds
Number of updated asset objects reloaded before import = 0
Number of asset objects unloaded after import = 1
========================================================================
Received Import Request.
  Time since last request: 0.000023 seconds.
  path: Assets/Tiles/tilemap test-Recovered_25.asset
  artifactKey: Guid(79e81aafe97b2e242b542cef37d47090) Importer(2089858483,0ecaa5967403d082aa24f35e1b516d23)
Start importing Assets/Tiles/tilemap test-Recovered_25.asset using Guid(79e81aafe97b2e242b542cef37d47090) Importer(2089858483,0ecaa5967403d082aa24f35e1b516d23) Generated GUIDs only implemented for interfaces!
 -> (artifact id: 'e7caae1be4d203bba1e6b0b64c0d707a') in 0.016397 seconds
Number of updated asset objects reloaded before import = 0
Number of asset objects unloaded after import = 3
========================================================================
Received Import Request.
  Time since last request: 0.000020 seconds.
  path: Assets/Tilemaps/server 1.asset
  artifactKey: Guid(dab9b860a51326340befb290be9d1bfc) Importer(2089858483,0ecaa5967403d082aa24f35e1b516d23)
Start importing Assets/Tilemaps/server 1.asset using Guid(dab9b860a51326340befb290be9d1bfc) Importer(2089858483,0ecaa5967403d082aa24f35e1b516d23) Generated GUIDs only implemented for interfaces!
 -> (artifact id: 'feeea6cfe015b9ded91e45ab01c1d7a2') in 0.027989 seconds
Number of updated asset objects reloaded before import = 0
Number of asset objects unloaded after import = 7
========================================================================
Received Import Request.
  Time since last request: 0.000017 seconds.
  path: Assets/Tiles/tilemap test-Recovered_4.asset
  artifactKey: Guid(fcc246eed520ff1488b0666704d924de) Importer(2089858483,0ecaa5967403d082aa24f35e1b516d23)
Start importing Assets/Tiles/tilemap test-Recovered_4.asset using Guid(fcc246eed520ff1488b0666704d924de) Importer(2089858483,0ecaa5967403d082aa24f35e1b516d23) Generated GUIDs only implemented for interfaces!
 -> (artifact id: '6601a66cdab475bac3ba45b776bb0e96') in 0.016477 seconds
Number of updated asset objects reloaded before import = 0
Number of asset objects unloaded after import = 3
========================================================================
Received Import Request.
  Time since last request: 0.000019 seconds.
  path: Assets/Tiles/tilemap test-Recovered_34.asset
  artifactKey: Guid(3a9b2292f60dfbf43924ad22c346270d) Importer(2089858483,0ecaa5967403d082aa24f35e1b516d23)
Start importing Assets/Tiles/tilemap test-Recovered_34.asset using Guid(3a9b2292f60dfbf43924ad22c346270d) Importer(2089858483,0ecaa5967403d082aa24f35e1b516d23) Generated GUIDs only implemented for interfaces!
 -> (artifact id: 'bc1270b68e075c1ca75c2b56dc3e091a') in 0.016550 seconds
Number of updated asset objects reloaded before import = 0
Number of asset objects unloaded after import = 3
========================================================================
Received Import Request.
  Time since last request: 0.000020 seconds.
  path: Assets/Tiles/tilemap test-Recovered_1.asset
  artifactKey: Guid(1f6f94a5be0d9df42b8e9ca4b94f6b3a) Importer(2089858483,0ecaa5967403d082aa24f35e1b516d23)
Start importing Assets/Tiles/tilemap test-Recovered_1.asset using Guid(1f6f94a5be0d9df42b8e9ca4b94f6b3a) Importer(2089858483,0ecaa5967403d082aa24f35e1b516d23) Generated GUIDs only implemented for interfaces!
 -> (artifact id: '435b3c0a43dae97d6875f4ca92e313b2') in 0.018309 seconds
Number of updated asset objects reloaded before import = 0
Number of asset objects unloaded after import = 3
========================================================================
Received Import Request.
  Time since last request: 0.000029 seconds.
  path: Assets/Tiles/assets extra bpw 3_11.asset
  artifactKey: Guid(1b8ed68ddd42bcb43b856d550ee62ffa) Importer(2089858483,0ecaa5967403d082aa24f35e1b516d23)
Start importing Assets/Tiles/assets extra bpw 3_11.asset using Guid(1b8ed68ddd42bcb43b856d550ee62ffa) Importer(2089858483,0ecaa5967403d082aa24f35e1b516d23) Generated GUIDs only implemented for interfaces!
 -> (artifact id: '8bc3995307e9739c6da9569eb46fcd3a') in 0.017006 seconds
Number of updated asset objects reloaded before import = 0
Number of asset objects unloaded after import = 3
========================================================================
Received Import Request.
  Time since last request: 0.000017 seconds.
  path: Assets/Tiles/tilemap test-Recovered_33.asset
  artifactKey: Guid(cdc8bddc47fc63d498fcbc97ef79b7f1) Importer(2089858483,0ecaa5967403d082aa24f35e1b516d23)
Start importing Assets/Tiles/tilemap test-Recovered_33.asset using Guid(cdc8bddc47fc63d498fcbc97ef79b7f1) Importer(2089858483,0ecaa5967403d082aa24f35e1b516d23) Generated GUIDs only implemented for interfaces!
 -> (artifact id: 'a7015166ea4c26898b9bc91b0d69f867') in 0.017524 seconds
Number of updated asset objects reloaded before import = 0
Number of asset objects unloaded after import = 3
========================================================================
Received Import Request.
  Time since last request: 0.000018 seconds.
  path: Assets/Tiles/tilemap test-Recovered_22.asset
  artifactKey: Guid(c4700c581a862a94988dc558dfb0d591) Importer(2089858483,0ecaa5967403d082aa24f35e1b516d23)
Start importing Assets/Tiles/tilemap test-Recovered_22.asset using Guid(c4700c581a862a94988dc558dfb0d591) Importer(2089858483,0ecaa5967403d082aa24f35e1b516d23) Generated GUIDs only implemented for interfaces!
 -> (artifact id: '25d83e1e84da74f2f8b4cbac24670b50') in 0.018345 seconds
Number of updated asset objects reloaded before import = 0
Number of asset objects unloaded after import = 3
========================================================================
Received Import Request.
  Time since last request: 0.000019 seconds.
  path: Assets/Tiles/tilemap test-Recovered_13.asset
  artifactKey: Guid(0f20d36842418b041b8deab524710417) Importer(2089858483,0ecaa5967403d082aa24f35e1b516d23)
Start importing Assets/Tiles/tilemap test-Recovered_13.asset using Guid(0f20d36842418b041b8deab524710417) Importer(2089858483,0ecaa5967403d082aa24f35e1b516d23) Generated GUIDs only implemented for interfaces!
 -> (artifact id: '5d90b433d2e965ac9e44ca6aa59ff5ad') in 0.018009 seconds
Number of updated asset objects reloaded before import = 0
Number of asset objects unloaded after import = 3
========================================================================
Received Import Request.
  Time since last request: 0.000016 seconds.
  path: Assets/Tiles/tilemap test-Recovered_8.asset
  artifactKey: Guid(7a7f7b9b7421d4f40b3bf3995deb4619) Importer(2089858483,0ecaa5967403d082aa24f35e1b516d23)
Start importing Assets/Tiles/tilemap test-Recovered_8.asset using Guid(7a7f7b9b7421d4f40b3bf3995deb4619) Importer(2089858483,0ecaa5967403d082aa24f35e1b516d23) Generated GUIDs only implemented for interfaces!
 -> (artifact id: '8ace90a1901584f95a542f3601d745d9') in 0.017299 seconds
Number of updated asset objects reloaded before import = 0
Number of asset objects unloaded after import = 3
========================================================================
Received Import Request.
  Time since last request: 0.000017 seconds.
  path: Assets/Tiles/assets extra bpw 3_1.asset
  artifactKey: Guid(cf3ce0d7b874a6e41aa0c6fcf2ea68cb) Importer(2089858483,0ecaa5967403d082aa24f35e1b516d23)
Start importing Assets/Tiles/assets extra bpw 3_1.asset using Guid(cf3ce0d7b874a6e41aa0c6fcf2ea68cb) Importer(2089858483,0ecaa5967403d082aa24f35e1b516d23) Generated GUIDs only implemented for interfaces!
 -> (artifact id: '543ddc14a0ce06ca7f0714297daeb1ee') in 0.016623 seconds
Number of updated asset objects reloaded before import = 0
Number of asset objects unloaded after import = 3
========================================================================
Received Import Request.
  Time since last request: 0.000023 seconds.
  path: Assets/Tiles/tilemap test-Recovered_18.asset
  artifactKey: Guid(6d469ca22e039944f9c4239ed3ce8e27) Importer(2089858483,0ecaa5967403d082aa24f35e1b516d23)
Start importing Assets/Tiles/tilemap test-Recovered_18.asset using Guid(6d469ca22e039944f9c4239ed3ce8e27) Importer(2089858483,0ecaa5967403d082aa24f35e1b516d23) Generated GUIDs only implemented for interfaces!
 -> (artifact id: '56de6ead60ff6e194db09d992d40e490') in 0.014848 seconds
Number of updated asset objects reloaded before import = 0
Number of asset objects unloaded after import = 3
========================================================================
Received Import Request.
  Time since last request: 0.000018 seconds.
  path: Assets/Tiles/assets extra bpw 3_15.asset
  artifactKey: Guid(700aa71e17fe7264ab7e938c08cf45bb) Importer(2089858483,0ecaa5967403d082aa24f35e1b516d23)
Start importing Assets/Tiles/assets extra bpw 3_15.asset using Guid(700aa71e17fe7264ab7e938c08cf45bb) Importer(2089858483,0ecaa5967403d082aa24f35e1b516d23) Generated GUIDs only implemented for interfaces!
 -> (artifact id: '86b5eaf7be05c275191e1aed7d2e999b') in 0.019090 seconds
Number of updated asset objects reloaded before import = 0
Number of asset objects unloaded after import = 3
========================================================================
Received Import Request.
  Time since last request: 0.000024 seconds.
  path: Assets/Tiles/tilemap test-Recovered_27.asset
  artifactKey: Guid(4fcc8e32f50d5464fac2c9e250262e28) Importer(2089858483,0ecaa5967403d082aa24f35e1b516d23)
Start importing Assets/Tiles/tilemap test-Recovered_27.asset using Guid(4fcc8e32f50d5464fac2c9e250262e28) Importer(2089858483,0ecaa5967403d082aa24f35e1b516d23) Generated GUIDs only implemented for interfaces!
 -> (artifact id: '257da821b483752b83b116941f09ac98') in 0.018524 seconds
Number of updated asset objects reloaded before import = 0
Number of asset objects unloaded after import = 3
========================================================================
Received Import Request.
  Time since last request: 0.000024 seconds.
  path: Assets/Physics/Player Movement.physicsMaterial2D
  artifactKey: Guid(004861226d16b3b40a954258fba90bc4) Importer(2089858483,0ecaa5967403d082aa24f35e1b516d23)
Start importing Assets/Physics/Player Movement.physicsMaterial2D using Guid(004861226d16b3b40a954258fba90bc4) Importer(2089858483,0ecaa5967403d082aa24f35e1b516d23) Generated GUIDs only implemented for interfaces!
 -> (artifact id: 'dad244297031fadd9be5f682045c35eb') in 0.033953 seconds
Number of updated asset objects reloaded before import = 0
Number of asset objects unloaded after import = 1
========================================================================
Received Import Request.
  Time since last request: 0.000029 seconds.
  path: Assets/Tiles/tilemap test-Recovered_9.asset
  artifactKey: Guid(105e52f821d7d394ebc97a641b71e750) Importer(2089858483,0ecaa5967403d082aa24f35e1b516d23)
Start importing Assets/Tiles/tilemap test-Recovered_9.asset using Guid(105e52f821d7d394ebc97a641b71e750) Importer(2089858483,0ecaa5967403d082aa24f35e1b516d23) Generated GUIDs only implemented for interfaces!
 -> (artifact id: '35ccadfae0a5e4aef178c77113550537') in 0.018293 seconds
Number of updated asset objects reloaded before import = 0
Number of asset objects unloaded after import = 3
========================================================================
Received Import Request.
  Time since last request: 0.000023 seconds.
  path: Assets/Animation/Player Movement.anim
  artifactKey: Guid(dee9815788ce68345b87b8796130457b) Importer(2089858483,0ecaa5967403d082aa24f35e1b516d23)
Start importing Assets/Animation/Player Movement.anim using Guid(dee9815788ce68345b87b8796130457b) Importer(2089858483,0ecaa5967403d082aa24f35e1b516d23) Generated GUIDs only implemented for interfaces!
 -> (artifact id: '3865b35ed11aaf979a93bef887fa6243') in 0.027529 seconds
Number of updated asset objects reloaded before import = 0
Number of asset objects unloaded after import = 1
========================================================================
Received Import Request.
  Time since last request: 0.000059 seconds.
  path: Assets/Tiles/assets extra bpw 3_10.asset
  artifactKey: Guid(e57bf3bc91e6a004dbbcd0f13e0d8308) Importer(2089858483,0ecaa5967403d082aa24f35e1b516d23)
Start importing Assets/Tiles/assets extra bpw 3_10.asset using Guid(e57bf3bc91e6a004dbbcd0f13e0d8308) Importer(2089858483,0ecaa5967403d082aa24f35e1b516d23) Generated GUIDs only implemented for interfaces!
 -> (artifact id: '5e51f4529342c4ed852fbf59cb71fefd') in 0.017064 seconds
Number of updated asset objects reloaded before import = 0
Number of asset objects unloaded after import = 3
========================================================================
Received Import Request.
  Time since last request: 0.000019 seconds.
  path: Assets/Tiles/assets extra bpw 3_0.asset
  artifactKey: Guid(798260272fd97014eb3a368960099fd7) Importer(2089858483,0ecaa5967403d082aa24f35e1b516d23)
Start importing Assets/Tiles/assets extra bpw 3_0.asset using Guid(798260272fd97014eb3a368960099fd7) Importer(2089858483,0ecaa5967403d082aa24f35e1b516d23) Generated GUIDs only implemented for interfaces!
 -> (artifact id: '2117865fa7a23186d3f1087704a53dad') in 0.016193 seconds
Number of updated asset objects reloaded before import = 0
Number of asset objects unloaded after import = 3
========================================================================
Received Import Request.
  Time since last request: 0.000016 seconds.
  path: Assets/Tiles/tilemap test-Recovered_17.asset
  artifactKey: Guid(7d04d08153e00da4d9f1deff87bb59de) Importer(2089858483,0ecaa5967403d082aa24f35e1b516d23)
Start importing Assets/Tiles/tilemap test-Recovered_17.asset using Guid(7d04d08153e00da4d9f1deff87bb59de) Importer(2089858483,0ecaa5967403d082aa24f35e1b516d23) Generated GUIDs only implemented for interfaces!
 -> (artifact id: '0d35eae7e6594a1fcc23738fd718c49b') in 0.013642 seconds
Number of updated asset objects reloaded before import = 0
Number of asset objects unloaded after import = 3
========================================================================
Received Import Request.
  Time since last request: 0.000020 seconds.
  path: Assets/Tiles/assets extra bpw 3_4.asset
  artifactKey: Guid(d67f4aa87f8e4e443bcb8e9042d11d90) Importer(2089858483,0ecaa5967403d082aa24f35e1b516d23)
Start importing Assets/Tiles/assets extra bpw 3_4.asset using Guid(d67f4aa87f8e4e443bcb8e9042d11d90) Importer(2089858483,0ecaa5967403d082aa24f35e1b516d23) Generated GUIDs only implemented for interfaces!
 -> (artifact id: '54604d3bef76acfe952de452b5c8121b') in 0.016368 seconds
Number of updated asset objects reloaded before import = 0
Number of asset objects unloaded after import = 3
========================================================================
Received Import Request.
  Time since last request: 0.000058 seconds.
  path: Assets/Tiles
  artifactKey: Guid(1417d1a52302aee4ea81634c57fa99ec) Importer(2089858483,0ecaa5967403d082aa24f35e1b516d23)
Start importing Assets/Tiles using Guid(1417d1a52302aee4ea81634c57fa99ec) Importer(2089858483,0ecaa5967403d082aa24f35e1b516d23) Generated GUIDs only implemented for interfaces!
 -> (artifact id: 'e3cb3625b60190acbb8e54fcc160f1d5') in 0.016619 seconds
Number of updated asset objects reloaded before import = 0
Number of asset objects unloaded after import = 1
========================================================================
Received Import Request.
  Time since last request: 0.000023 seconds.
  path: Assets/Tiles/tilemap test-Recovered_26.asset
  artifactKey: Guid(8a4347f7a5c539f4987e5bd08d7e594f) Importer(2089858483,0ecaa5967403d082aa24f35e1b516d23)
Start importing Assets/Tiles/tilemap test-Recovered_26.asset using Guid(8a4347f7a5c539f4987e5bd08d7e594f) Importer(2089858483,0ecaa5967403d082aa24f35e1b516d23) Generated GUIDs only implemented for interfaces!
 -> (artifact id: 'efb7e21686df9d66ba286d9d1085def9') in 0.019482 seconds
Number of updated asset objects reloaded before import = 0
Number of asset objects unloaded after import = 3
========================================================================
Received Import Request.
  Time since last request: 0.000021 seconds.
  path: Assets/Tiles/assets extra bpw 3_9.asset
  artifactKey: Guid(a817b30f03beef4478eb4ed3c0f7f076) Importer(2089858483,0ecaa5967403d082aa24f35e1b516d23)
Start importing Assets/Tiles/assets extra bpw 3_9.asset using Guid(a817b30f03beef4478eb4ed3c0f7f076) Importer(2089858483,0ecaa5967403d082aa24f35e1b516d23) Generated GUIDs only implemented for interfaces!
 -> (artifact id: 'd4bedbd28c6e16349fc79dc2368290a6') in 0.016932 seconds
Number of updated asset objects reloaded before import = 0
Number of asset objects unloaded after import = 3
========================================================================
Received Import Request.
  Time since last request: 0.000028 seconds.
  path: Assets/Tiles/assets extra bpw 3_20.asset
  artifactKey: Guid(57de725858618c84e86842e1a261ddea) Importer(2089858483,0ecaa5967403d082aa24f35e1b516d23)
Start importing Assets/Tiles/assets extra bpw 3_20.asset using Guid(57de725858618c84e86842e1a261ddea) Importer(2089858483,0ecaa5967403d082aa24f35e1b516d23) Generated GUIDs only implemented for interfaces!
 -> (artifact id: '2b3776945798353344e0563c90d95c2b') in 0.018372 seconds
Number of updated asset objects reloaded before import = 0
Number of asset objects unloaded after import = 3
========================================================================
Received Import Request.
  Time since last request: 0.000018 seconds.
  path: Assets/prefab
  artifactKey: Guid(07b64f6a6826b0444b48d6091c6d2fb7) Importer(2089858483,0ecaa5967403d082aa24f35e1b516d23)
Start importing Assets/prefab using Guid(07b64f6a6826b0444b48d6091c6d2fb7) Importer(2089858483,0ecaa5967403d082aa24f35e1b516d23) Generated GUIDs only implemented for interfaces!
 -> (artifact id: '3854aa77dc713c3f6eadd3e42d7e8bad') in 0.016917 seconds
Number of updated asset objects reloaded before import = 0
Number of asset objects unloaded after import = 1
========================================================================
Received Import Request.
  Time since last request: 0.000097 seconds.
  path: Assets/Tiles/tilemap test-Recovered_7.asset
  artifactKey: Guid(e5b6447340fbd4346a22120f911b074e) Importer(2089858483,0ecaa5967403d082aa24f35e1b516d23)
Start importing Assets/Tiles/tilemap test-Recovered_7.asset using Guid(e5b6447340fbd4346a22120f911b074e) Importer(2089858483,0ecaa5967403d082aa24f35e1b516d23) Generated GUIDs only implemented for interfaces!
 -> (artifact id: 'cac6943b35ccb7858b6845b0a2d088c4') in 0.019235 seconds
Number of updated asset objects reloaded before import = 0
Number of asset objects unloaded after import = 3
========================================================================
Received Import Request.
  Time since last request: 0.000034 seconds.
  path: Assets/Tilemaps/extras.prefab
  artifactKey: Guid(0cc6230cfb36b49438217c2c88a9bf8c) Importer(2089858483,0ecaa5967403d082aa24f35e1b516d23)
Start importing Assets/Tilemaps/extras.prefab using Guid(0cc6230cfb36b49438217c2c88a9bf8c) Importer(2089858483,0ecaa5967403d082aa24f35e1b516d23) Generated GUIDs only implemented for interfaces!
 -> (artifact id: 'f1eb84de6f54eaddf7b7659f08fe89b4') in 0.016112 seconds
Number of updated asset objects reloaded before import = 0
Number of asset objects unloaded after import = 10
========================================================================
Received Import Request.
  Time since last request: 0.000018 seconds.
  path: Assets/Tiles/tilemap test-Recovered_37.asset
  artifactKey: Guid(6a2efb5bdb61df44ebf1bfc1b823e9eb) Importer(2089858483,0ecaa5967403d082aa24f35e1b516d23)
Start importing Assets/Tiles/tilemap test-Recovered_37.asset using Guid(6a2efb5bdb61df44ebf1bfc1b823e9eb) Importer(2089858483,0ecaa5967403d082aa24f35e1b516d23) Generated GUIDs only implemented for interfaces!
 -> (artifact id: '2c99ab562a84d91fe2d99b5bdc066821') in 0.018825 seconds
Number of updated asset objects reloaded before import = 0
Number of asset objects unloaded after import = 3
========================================================================
Received Import Request.
  Time since last request: 0.000019 seconds.
  path: Assets/Tiles/assets extra bpw 3_5.asset
  artifactKey: Guid(c8e404945920f0d4e8c265823b97f22e) Importer(2089858483,0ecaa5967403d082aa24f35e1b516d23)
Start importing Assets/Tiles/assets extra bpw 3_5.asset using Guid(c8e404945920f0d4e8c265823b97f22e) Importer(2089858483,0ecaa5967403d082aa24f35e1b516d23) Generated GUIDs only implemented for interfaces!
 -> (artifact id: '837f1366234fb360f938e562a9dfd8ca') in 0.018929 seconds
Number of updated asset objects reloaded before import = 0
Number of asset objects unloaded after import = 3
========================================================================
Received Import Request.
  Time since last request: 0.000022 seconds.
  path: Assets/Sprites/assets extra bpw 3.png
  artifactKey: Guid(47d31712ca88bfb4b80bdc9984ec03a3) Importer(2089858483,0ecaa5967403d082aa24f35e1b516d23)
Start importing Assets/Sprites/assets extra bpw 3.png using Guid(47d31712ca88bfb4b80bdc9984ec03a3) Importer(2089858483,0ecaa5967403d082aa24f35e1b516d23) Generated GUIDs only implemented for interfaces!
 -> (artifact id: '0c2ff5aa765d3f2c17554f3cfc2a57ba') in 0.114718 seconds
Number of updated asset objects reloaded before import = 0
Number of asset objects unloaded after import = 24
========================================================================
Received Import Request.
  Time since last request: 0.000019 seconds.
  path: Assets/Tiles/assets extra bpw 3_8.asset
  artifactKey: Guid(43158824458bc5042921f2892ed1df57) Importer(2089858483,0ecaa5967403d082aa24f35e1b516d23)
Start importing Assets/Tiles/assets extra bpw 3_8.asset using Guid(43158824458bc5042921f2892ed1df57) Importer(2089858483,0ecaa5967403d082aa24f35e1b516d23) Generated GUIDs only implemented for interfaces!
 -> (artifact id: '88210e276843669f385406e5f1f087a3') in 0.021815 seconds
Number of updated asset objects reloaded before import = 0
Number of asset objects unloaded after import = 3
========================================================================
Received Import Request.
  Time since last request: 0.000036 seconds.
  path: Assets/Tiles/assets extra bpw 3_3.asset
  artifactKey: Guid(0ced41adae2915f40b9d5c2cc30e8541) Importer(2089858483,0ecaa5967403d082aa24f35e1b516d23)
Start importing Assets/Tiles/assets extra bpw 3_3.asset using Guid(0ced41adae2915f40b9d5c2cc30e8541) Importer(2089858483,0ecaa5967403d082aa24f35e1b516d23) Generated GUIDs only implemented for interfaces!
 -> (artifact id: '437accd95658859305f0c2454b1aa603') in 0.018838 seconds
Number of updated asset objects reloaded before import = 0
Number of asset objects unloaded after import = 3
========================================================================
Received Import Request.
  Time since last request: 0.000018 seconds.
  path: Assets/Shaders/goop real.mat
  artifactKey: Guid(53bcb377eb8de0f4396f15af4575a4f1) Importer(2089858483,0ecaa5967403d082aa24f35e1b516d23)
Start importing Assets/Shaders/goop real.mat using Guid(53bcb377eb8de0f4396f15af4575a4f1) Importer(2089858483,0ecaa5967403d082aa24f35e1b516d23) Generated GUIDs only implemented for interfaces!
 -> (artifact id: 'c2172ce23c4a8de28dcfeb668cf65c12') in 0.023951 seconds
Number of updated asset objects reloaded before import = 0
Number of asset objects unloaded after import = 2
========================================================================
Received Import Request.
  Time since last request: 0.000218 seconds.
  path: Assets/Tiles/tilemap test-Recovered_0.asset
  artifactKey: Guid(f18860c355f6d7d4a9259734a951d2d8) Importer(2089858483,0ecaa5967403d082aa24f35e1b516d23)
Start importing Assets/Tiles/tilemap test-Recovered_0.asset using Guid(f18860c355f6d7d4a9259734a951d2d8) Importer(2089858483,0ecaa5967403d082aa24f35e1b516d23) Generated GUIDs only implemented for interfaces!
 -> (artifact id: '02b2287ce2aaa80c35493b18c19efce3') in 0.017680 seconds
Number of updated asset objects reloaded before import = 0
Number of asset objects unloaded after import = 3
========================================================================
Received Import Request.
  Time since last request: 0.000021 seconds.
  path: Assets/Tiles/tilemap test-Recovered_14.asset
  artifactKey: Guid(b0c00ac52b6bacd4c802142b3a59fea9) Importer(2089858483,0ecaa5967403d082aa24f35e1b516d23)
Start importing Assets/Tiles/tilemap test-Recovered_14.asset using Guid(b0c00ac52b6bacd4c802142b3a59fea9) Importer(2089858483,0ecaa5967403d082aa24f35e1b516d23) Generated GUIDs only implemented for interfaces!
 -> (artifact id: '27daba3e4d81115af6111b02347dda8f') in 0.018271 seconds
Number of updated asset objects reloaded before import = 0
Number of asset objects unloaded after import = 3
========================================================================
Received Import Request.
  Time since last request: 0.000033 seconds.
  path: Assets/UniversalRenderPipelineGlobalSettings.asset
  artifactKey: Guid(d2e72110d787ae04fb1965fc19155249) Importer(2089858483,0ecaa5967403d082aa24f35e1b516d23)
Start importing Assets/UniversalRenderPipelineGlobalSettings.asset using Guid(d2e72110d787ae04fb1965fc19155249) Importer(2089858483,0ecaa5967403d082aa24f35e1b516d23) Generated GUIDs only implemented for interfaces!
 -> (artifact id: 'e2a1d772730ba35789a2513b3e8b0d47') in 0.022354 seconds
Number of updated asset objects reloaded before import = 0
Number of asset objects unloaded after import = 1
========================================================================
Received Import Request.
  Time since last request: 0.000036 seconds.
  path: Assets/Shaders/goop texture.shadergraph
  artifactKey: Guid(a183428d1544ac348b641853934a1b3d) Importer(2089858483,0ecaa5967403d082aa24f35e1b516d23)
Start importing Assets/Shaders/goop texture.shadergraph using Guid(a183428d1544ac348b641853934a1b3d) Importer(2089858483,0ecaa5967403d082aa24f35e1b516d23) Generated GUIDs only implemented for interfaces!
 -> (artifact id: 'c8333856801bf2447f56d2202a1faf1c') in 0.026456 seconds
Number of updated asset objects reloaded before import = 0
Number of asset objects unloaded after import = 3
========================================================================
Received Import Request.
  Time since last request: 0.000024 seconds.
  path: Assets/Animation/Player Idle.anim
  artifactKey: Guid(7a49ddca91315304f8991bcd8d57cc83) Importer(2089858483,0ecaa5967403d082aa24f35e1b516d23)
Start importing Assets/Animation/Player Idle.anim using Guid(7a49ddca91315304f8991bcd8d57cc83) Importer(2089858483,0ecaa5967403d082aa24f35e1b516d23) Generated GUIDs only implemented for interfaces!
 -> (artifact id: '01e35508f62ddfa9278eae8a91e2f0e0') in 0.028452 seconds
Number of updated asset objects reloaded before import = 0
Number of asset objects unloaded after import = 1
========================================================================
Received Import Request.
  Time since last request: 0.000029 seconds.
  path: Assets/Tiles/tilemap test-Recovered_23.asset
  artifactKey: Guid(71134b9a41141ee408eff0ef699ee1f3) Importer(2089858483,0ecaa5967403d082aa24f35e1b516d23)
Start importing Assets/Tiles/tilemap test-Recovered_23.asset using Guid(71134b9a41141ee408eff0ef699ee1f3) Importer(2089858483,0ecaa5967403d082aa24f35e1b516d23) Generated GUIDs only implemented for interfaces!
 -> (artifact id: '47c78ef75fa086abb355fae2b84a0b05') in 0.018669 seconds
Number of updated asset objects reloaded before import = 0
Number of asset objects unloaded after import = 3
========================================================================
Received Import Request.
  Time since last request: 0.000031 seconds.
  path: Assets/Tilemaps/goop.prefab
  artifactKey: Guid(9c7fcc396bab3184bb530d03f4c491b4) Importer(2089858483,0ecaa5967403d082aa24f35e1b516d23)
Start importing Assets/Tilemaps/goop.prefab using Guid(9c7fcc396bab3184bb530d03f4c491b4) Importer(2089858483,0ecaa5967403d082aa24f35e1b516d23) Generated GUIDs only implemented for interfaces!
 -> (artifact id: 'fbe9dfbaac266040c98d3d2c9e748a24') in 0.014479 seconds
Number of updated asset objects reloaded before import = 0
Number of asset objects unloaded after import = 10
========================================================================
Received Import Request.
  Time since last request: 0.000019 seconds.
  path: Assets/Tiles/assets extra bpw 3_18.asset
  artifactKey: Guid(5433b7ba636b4b14cbd7b3c830eb8e67) Importer(2089858483,0ecaa5967403d082aa24f35e1b516d23)
Start importing Assets/Tiles/assets extra bpw 3_18.asset using Guid(5433b7ba636b4b14cbd7b3c830eb8e67) Importer(2089858483,0ecaa5967403d082aa24f35e1b516d23) Generated GUIDs only implemented for interfaces!
 -> (artifact id: 'a72def8e2f52e3d23603e777add3112b') in 0.018573 seconds
Number of updated asset objects reloaded before import = 0
Number of asset objects unloaded after import = 3
========================================================================
Received Import Request.
  Time since last request: 12.546077 seconds.
  path: Assets/prefab/goop.brush
  artifactKey: Guid(df1fd7662bc3748429965cd61e401a78) Importer(815301076,1909f56bfc062723c751e8b465ee728b)
Start importing Assets/prefab/goop.brush using Guid(df1fd7662bc3748429965cd61e401a78) Importer(815301076,1909f56bfc062723c751e8b465ee728b)  -> (artifact id: '3b718caafcae1a95dd3811773a720399') in 0.053954 seconds
Number of updated asset objects reloaded before import = 0
Number of asset objects unloaded after import = 1
========================================================================
Received Import Request.
  Time since last request: 0.904272 seconds.
  path: Assets/prefab/goop.brush
  artifactKey: Guid(df1fd7662bc3748429965cd61e401a78) Importer(2089858483,0ecaa5967403d082aa24f35e1b516d23)
Start importing Assets/prefab/goop.brush using Guid(df1fd7662bc3748429965cd61e401a78) Importer(2089858483,0ecaa5967403d082aa24f35e1b516d23) Generated GUIDs only implemented for interfaces!
 -> (artifact id: '5dfdda31ec0d29b80dbb3ce549048714') in 0.015935 seconds
Number of updated asset objects reloaded before import = 0
Number of asset objects unloaded after import = 1
========================================================================
Received Import Request.
  Time since last request: 13.295231 seconds.
  path: Assets/Animation/Player.controller
  artifactKey: Guid(55ccf474268846146a0801a744974b5b) Importer(2089858483,0ecaa5967403d082aa24f35e1b516d23)
Start importing Assets/Animation/Player.controller using Guid(55ccf474268846146a0801a744974b5b) Importer(2089858483,0ecaa5967403d082aa24f35e1b516d23) Generated GUIDs only implemented for interfaces!
 -> (artifact id: '37dc13b99d180cf78905cebc0444d272') in 0.038904 seconds
Number of updated asset objects reloaded before import = 0
Number of asset objects unloaded after import = 12
========================================================================
Received Import Request.
  Time since last request: 53.131091 seconds.
  path: Assets/Scenes/SampleScene_Profiles
  artifactKey: Guid(f42566c4c1043b3488902e1c975c168f) Importer(815301076,1909f56bfc062723c751e8b465ee728b)
Start importing Assets/Scenes/SampleScene_Profiles using Guid(f42566c4c1043b3488902e1c975c168f) Importer(815301076,1909f56bfc062723c751e8b465ee728b)  -> (artifact id: '3590ed8ab77f6aed927e234d15b34af9') in 0.000698 seconds
Number of updated asset objects reloaded before import = 0
Number of asset objects unloaded after import = 0
========================================================================
Received Import Request.
  Time since last request: 8.134994 seconds.
  path: Assets/Tilemaps/extras.prefab
  artifactKey: Guid(0cc6230cfb36b49438217c2c88a9bf8c) Importer(815301076,1909f56bfc062723c751e8b465ee728b)
Start importing Assets/Tilemaps/extras.prefab using Guid(0cc6230cfb36b49438217c2c88a9bf8c) Importer(815301076,1909f56bfc062723c751e8b465ee728b)  -> (artifact id: '6e46ca3eae9da853661904e86c154b92') in 0.135180 seconds
Number of updated asset objects reloaded before import = 0
Number of asset objects unloaded after import = 58
========================================================================
Received Import Request.
  Time since last request: 226.018421 seconds.
  path: Assets/Assets.index
  artifactKey: Guid(1e9b25b8b0de84a478c73465fab9c91d) Importer(815301076,1909f56bfc062723c751e8b465ee728b)
Start importing Assets/Assets.index using Guid(1e9b25b8b0de84a478c73465fab9c91d) Importer(815301076,1909f56bfc062723c751e8b465ee728b)  -> (artifact id: '554ebe595ff832746d642f4ce841e5b7') in 0.005612 seconds
Number of updated asset objects reloaded before import = 0
Number of asset objects unloaded after import = 1
========================================================================
Received Import Request.
  Time since last request: 1.530685 seconds.
  path: Assets/Assets 1.index
  artifactKey: Guid(de026c83d6d72e64f846b1ca036bc6e9) Importer(815301076,1909f56bfc062723c751e8b465ee728b)
Start importing Assets/Assets 1.index using Guid(de026c83d6d72e64f846b1ca036bc6e9) Importer(815301076,1909f56bfc062723c751e8b465ee728b)  -> (artifact id: '15a37267180d82ea91450c048082703d') in 0.000934 seconds
Number of updated asset objects reloaded before import = 0
Number of asset objects unloaded after import = 1
========================================================================
Received Import Request.
  Time since last request: 11.148436 seconds.
  path: Assets/Shaders/UniversalRenderPipelineGlobalSettings.asset
  artifactKey: Guid(d2e72110d787ae04fb1965fc19155249) Importer(2089858483,0ecaa5967403d082aa24f35e1b516d23)
Start importing Assets/Shaders/UniversalRenderPipelineGlobalSettings.asset using Guid(d2e72110d787ae04fb1965fc19155249) Importer(2089858483,0ecaa5967403d082aa24f35e1b516d23) Generated GUIDs only implemented for interfaces!
 -> (artifact id: '351022aaa654c09c1df0ff1e1eaeec6a') in 0.026373 seconds
Number of updated asset objects reloaded before import = 0
Number of asset objects unloaded after import = 1
========================================================================
Received Import Request.
  Time since last request: 4.337414 seconds.
  path: Assets/Tilemaps/Container.asset
  artifactKey: Guid(a95481c538b52f3429a215e6203d59a2) Importer(815301076,1909f56bfc062723c751e8b465ee728b)
Start importing Assets/Tilemaps/Container.asset using Guid(a95481c538b52f3429a215e6203d59a2) Importer(815301076,1909f56bfc062723c751e8b465ee728b)  -> (artifact id: 'c9ce4963052ba195a2aa2a8c779de385') in 0.014467 seconds
Number of updated asset objects reloaded before import = 0
Number of asset objects unloaded after import = 18
========================================================================
Received Import Request.
  Time since last request: 0.000018 seconds.
  path: Assets/Tilemaps/server 2.asset
  artifactKey: Guid(72d181aa5a814484a98899b6034b8059) Importer(815301076,1909f56bfc062723c751e8b465ee728b)
Start importing Assets/Tilemaps/server 2.asset using Guid(72d181aa5a814484a98899b6034b8059) Importer(815301076,1909f56bfc062723c751e8b465ee728b)  -> (artifact id: '14d3d94c4995bdcfbfa7e94ec4c8d04d') in 0.006036 seconds
Number of updated asset objects reloaded before import = 0
Number of asset objects unloaded after import = 8
========================================================================
Received Import Request.
  Time since last request: 0.000100 seconds.
  path: Assets/Tilemaps/main blocks.prefab
  artifactKey: Guid(abcb92f954cb02b43a213d46782ed2cc) Importer(815301076,1909f56bfc062723c751e8b465ee728b)
Start importing Assets/Tilemaps/main blocks.prefab using Guid(abcb92f954cb02b43a213d46782ed2cc) Importer(815301076,1909f56bfc062723c751e8b465ee728b)  -> (artifact id: '8de5046259e2bdd7cbed72217f114c43') in 0.035095 seconds
Number of updated asset objects reloaded before import = 0
Number of asset objects unloaded after import = 96
========================================================================
Received Import Request.
  Time since last request: 0.000020 seconds.
  path: Assets/Tilemaps/server 1.asset
  artifactKey: Guid(dab9b860a51326340befb290be9d1bfc) Importer(815301076,1909f56bfc062723c751e8b465ee728b)
Start importing Assets/Tilemaps/server 1.asset using Guid(dab9b860a51326340befb290be9d1bfc) Importer(815301076,1909f56bfc062723c751e8b465ee728b)  -> (artifact id: 'd3b258365f54524bdd4fb9d8fb5c44cb') in 0.005715 seconds
Number of updated asset objects reloaded before import = 0
Number of asset objects unloaded after import = 8
========================================================================
Received Import Request.
  Time since last request: 14.321869 seconds.
  path: Assets/Tilemaps/New Rule Tile.asset
  artifactKey: Guid(dabf5dc1f4088df45a88eb025a4bee2d) Importer(815301076,1909f56bfc062723c751e8b465ee728b)
Start importing Assets/Tilemaps/New Rule Tile.asset using Guid(dabf5dc1f4088df45a88eb025a4bee2d) Importer(815301076,1909f56bfc062723c751e8b465ee728b)  -> (artifact id: 'ca70d5fadd04a6f4c0ff8567cb90c7fb') in 0.002266 seconds
Number of updated asset objects reloaded before import = 0
Number of asset objects unloaded after import = 1
========================================================================
Received Import Request.
  Time since last request: 0.975998 seconds.
  path: Assets/Tilemaps/New Rule Tile.asset
  artifactKey: Guid(dabf5dc1f4088df45a88eb025a4bee2d) Importer(2089858483,0ecaa5967403d082aa24f35e1b516d23)
Start importing Assets/Tilemaps/New Rule Tile.asset using Guid(dabf5dc1f4088df45a88eb025a4bee2d) Importer(2089858483,0ecaa5967403d082aa24f35e1b516d23) Generated GUIDs only implemented for interfaces!
 -> (artifact id: '2d73a781d9ac7fd8f6c8655b11ed6191') in 0.022245 seconds
Number of updated asset objects reloaded before import = 0
Number of asset objects unloaded after import = 1
========================================================================
Received Import Request.
  Time since last request: 29.933204 seconds.
  path: Assets/Tilemaps/casing.asset
  artifactKey: Guid(dabf5dc1f4088df45a88eb025a4bee2d) Importer(815301076,1909f56bfc062723c751e8b465ee728b)
Start importing Assets/Tilemaps/casing.asset using Guid(dabf5dc1f4088df45a88eb025a4bee2d) Importer(815301076,1909f56bfc062723c751e8b465ee728b)  -> (artifact id: '1d11cc5ffd94a0a4e5d277c7f3d829a2') in 0.005879 seconds
Number of updated asset objects reloaded before import = 0
Number of asset objects unloaded after import = 4
========================================================================
Received Import Request.
  Time since last request: 0.961947 seconds.
  path: Assets/Tilemaps/casing.asset
  artifactKey: Guid(dabf5dc1f4088df45a88eb025a4bee2d) Importer(2089858483,0ecaa5967403d082aa24f35e1b516d23)
Start importing Assets/Tilemaps/casing.asset using Guid(dabf5dc1f4088df45a88eb025a4bee2d) Importer(2089858483,0ecaa5967403d082aa24f35e1b516d23) Generated GUIDs only implemented for interfaces!
 -> (artifact id: '713091795d671ab5b5a985c6dc8e39fe') in 0.018962 seconds
Number of updated asset objects reloaded before import = 0
Number of asset objects unloaded after import = 3
========================================================================
Received Import Request.
  Time since last request: 64.195329 seconds.
  path: Assets/Tilemaps/main blocks.prefab
  artifactKey: Guid(abcb92f954cb02b43a213d46782ed2cc) Importer(815301076,1909f56bfc062723c751e8b465ee728b)
Start importing Assets/Tilemaps/main blocks.prefab using Guid(abcb92f954cb02b43a213d46782ed2cc) Importer(815301076,1909f56bfc062723c751e8b465ee728b)  -> (artifact id: 'c48f6bbaff0cf146cb8437c3794cc357') in 0.030418 seconds
Number of updated asset objects reloaded before import = 0
Number of asset objects unloaded after import = 100
========================================================================
Received Import Request.
  Time since last request: 0.945591 seconds.
  path: Assets/Tilemaps/main blocks.prefab
  artifactKey: Guid(abcb92f954cb02b43a213d46782ed2cc) Importer(2089858483,0ecaa5967403d082aa24f35e1b516d23)
Start importing Assets/Tilemaps/main blocks.prefab using Guid(abcb92f954cb02b43a213d46782ed2cc) Importer(2089858483,0ecaa5967403d082aa24f35e1b516d23) Generated GUIDs only implemented for interfaces!
 -> (artifact id: '8d5611748a22168c0af526122f1ede42') in 0.019896 seconds
Number of updated asset objects reloaded before import = 0
Number of asset objects unloaded after import = 10
========================================================================
Received Import Request.
  Time since last request: 27.735891 seconds.
  path: Assets/Tilemaps/casing.asset
  artifactKey: Guid(dabf5dc1f4088df45a88eb025a4bee2d) Importer(815301076,1909f56bfc062723c751e8b465ee728b)
Start importing Assets/Tilemaps/casing.asset using Guid(dabf5dc1f4088df45a88eb025a4bee2d) Importer(815301076,1909f56bfc062723c751e8b465ee728b)  -> (artifact id: '6fa46f48d8adb1c2cb738f146e132aca') in 0.008427 seconds
Number of updated asset objects reloaded before import = 0
Number of asset objects unloaded after import = 10
========================================================================
Received Import Request.
  Time since last request: 0.919273 seconds.
  path: Assets/Tilemaps/casing.asset
  artifactKey: Guid(dabf5dc1f4088df45a88eb025a4bee2d) Importer(2089858483,0ecaa5967403d082aa24f35e1b516d23)
Start importing Assets/Tilemaps/casing.asset using Guid(dabf5dc1f4088df45a88eb025a4bee2d) Importer(2089858483,0ecaa5967403d082aa24f35e1b516d23) Generated GUIDs only implemented for interfaces!
 -> (artifact id: '8a0fc224ebf246e325eed7b4a0b1d286') in 0.014668 seconds
Number of updated asset objects reloaded before import = 0
Number of asset objects unloaded after import = 9
========================================================================
Received Import Request.
  Time since last request: 52.215617 seconds.
  path: Assets/Scenes/SampleScene.unity
  artifactKey: Guid(2cda990e2423bbf4892e6590ba056729) Importer(2089858483,0ecaa5967403d082aa24f35e1b516d23)
Start importing Assets/Scenes/SampleScene.unity using Guid(2cda990e2423bbf4892e6590ba056729) Importer(2089858483,0ecaa5967403d082aa24f35e1b516d23) Generated GUIDs only implemented for interfaces!
 -> (artifact id: 'b7a0fbd998b1e33e113a446657f6284a') in 0.013783 seconds
Number of updated asset objects reloaded before import = 0
Number of asset objects unloaded after import = 1
