Using pre-set license
Built from '2022.3/staging' branch; Version is '2022.3.13f1 (5f90a5ebde0f) revision 6262949'; Using compiler version '192829333'; Build Type 'Release'
OS: 'Windows 11  (10.0.22631) 64bit Core' Language: 'en' Physical Memory: 16019 MB
BatchMode: 1, IsHumanControllingUs: 0, StartBugReporterOnCrash: 0, Is64bit: 1, IsPro: 1

COMMAND LINE ARGUMENTS:
C:\Program Files\Unity\Hub\Editor\2022.3.13f1\Editor\Unity.exe
-adb2
-batchMode
-noUpm
-name
AssetImportWorker0
-projectPath
C:/Users/yaren/BPW-2-Project-2024
-logFile
Logs/AssetImportWorker0.log
-srvPort
52775
Successfully changed project path to: C:/Users/yaren/BPW-2-Project-2024
C:/Users/yaren/BPW-2-Project-2024
[UnityMemory] Configuration Parameters - Can be set up in boot.config
    "memorysetup-bucket-allocator-granularity=16"
    "memorysetup-bucket-allocator-bucket-count=8"
    "memorysetup-bucket-allocator-block-size=33554432"
    "memorysetup-bucket-allocator-block-count=8"
    "memorysetup-main-allocator-block-size=16777216"
    "memorysetup-thread-allocator-block-size=16777216"
    "memorysetup-gfx-main-allocator-block-size=16777216"
    "memorysetup-gfx-thread-allocator-block-size=16777216"
    "memorysetup-cache-allocator-block-size=4194304"
    "memorysetup-typetree-allocator-block-size=2097152"
    "memorysetup-profiler-bucket-allocator-granularity=16"
    "memorysetup-profiler-bucket-allocator-bucket-count=8"
    "memorysetup-profiler-bucket-allocator-block-size=33554432"
    "memorysetup-profiler-bucket-allocator-block-count=8"
    "memorysetup-profiler-allocator-block-size=16777216"
    "memorysetup-profiler-editor-allocator-block-size=1048576"
    "memorysetup-temp-allocator-size-main=16777216"
    "memorysetup-job-temp-allocator-block-size=2097152"
    "memorysetup-job-temp-allocator-block-size-background=1048576"
    "memorysetup-job-temp-allocator-reduction-small-platforms=262144"
    "memorysetup-allocator-temp-initial-block-size-main=262144"
    "memorysetup-allocator-temp-initial-block-size-worker=262144"
    "memorysetup-temp-allocator-size-background-worker=32768"
    "memorysetup-temp-allocator-size-job-worker=262144"
    "memorysetup-temp-allocator-size-preload-manager=33554432"
    "memorysetup-temp-allocator-size-nav-mesh-worker=65536"
    "memorysetup-temp-allocator-size-audio-worker=65536"
    "memorysetup-temp-allocator-size-cloud-worker=32768"
    "memorysetup-temp-allocator-size-gi-baking-worker=262144"
    "memorysetup-temp-allocator-size-gfx=262144"
Player connection [5708] Host "[IP] 192.168.68.112 [Port] 0 [Flags] 2 [Guid] 3647126981 [EditorId] 3647126981 [Version] 1048832 [Id] WindowsEditor(7,yarens-laptop) [Debug] 1 [PackageName] WindowsEditor [ProjectName] Editor" joined multi-casting on [225.0.0.222:54997]...

Player connection [5708] Host "[IP] 192.168.68.112 [Port] 0 [Flags] 2 [Guid] 3647126981 [EditorId] 3647126981 [Version] 1048832 [Id] WindowsEditor(7,yarens-laptop) [Debug] 1 [PackageName] WindowsEditor [ProjectName] Editor" joined alternative multi-casting on [225.0.0.222:34997]...

[Physics::Module] Initialized MultithreadedJobDispatcher with 19 workers.
Refreshing native plugins compatible for Editor in 9.55 ms, found 4 plugins.
Preloading 0 native plugins for Editor in 0.00 ms.
Initialize engine version: 2022.3.13f1 (5f90a5ebde0f)
[Subsystems] Discovering subsystems at path C:/Program Files/Unity/Hub/Editor/2022.3.13f1/Editor/Data/Resources/UnitySubsystems
[Subsystems] Discovering subsystems at path C:/Users/yaren/BPW-2-Project-2024/Assets
GfxDevice: creating device client; threaded=0; jobified=0
Direct3D:
    Version:  Direct3D 11.0 [level 11.1]
    Renderer: NVIDIA GeForce RTX 4070 Laptop GPU (ID=0x2860)
    Vendor:   NVIDIA
    VRAM:     7963 MB
    Driver:   31.0.15.4617
Initialize mono
Mono path[0] = 'C:/Program Files/Unity/Hub/Editor/2022.3.13f1/Editor/Data/Managed'
Mono path[1] = 'C:/Program Files/Unity/Hub/Editor/2022.3.13f1/Editor/Data/MonoBleedingEdge/lib/mono/unityjit-win32'
Mono config path = 'C:/Program Files/Unity/Hub/Editor/2022.3.13f1/Editor/Data/MonoBleedingEdge/etc'
Using monoOptions --debugger-agent=transport=dt_socket,embedding=1,server=y,suspend=n,address=127.0.0.1:56132
Begin MonoManager ReloadAssembly
Registering precompiled unity dll's ...
Register platform support module: C:/Program Files/Unity/Hub/Editor/2022.3.13f1/Editor/Data/PlaybackEngines/WindowsStandaloneSupport/UnityEditor.WindowsStandalone.Extensions.dll
Registered in 0.005945 seconds.
- Loaded All Assemblies, in  0.314 seconds
Native extension for WindowsStandalone target not found
Mono: successfully reloaded assembly
- Finished resetting the current domain, in  0.220 seconds
Domain Reload Profiling: 532ms
	BeginReloadAssembly (107ms)
		ExecutionOrderSort (0ms)
		DisableScriptedObjects (0ms)
		BackupInstance (0ms)
		ReleaseScriptingObjects (0ms)
		CreateAndSetChildDomain (1ms)
	RebuildCommonClasses (29ms)
	RebuildNativeTypeToScriptingClass (9ms)
	initialDomainReloadingComplete (54ms)
	LoadAllAssembliesAndSetupDomain (114ms)
		LoadAssemblies (105ms)
		RebuildTransferFunctionScriptingTraits (0ms)
		AnalyzeDomain (112ms)
			TypeCache.Refresh (111ms)
				TypeCache.ScanAssembly (99ms)
			ScanForSourceGeneratedMonoScriptInfo (0ms)
			ResolveRequiredComponents (0ms)
	FinalizeReload (220ms)
		ReleaseScriptCaches (0ms)
		RebuildScriptCaches (0ms)
		SetupLoadedEditorAssemblies (168ms)
			LogAssemblyErrors (0ms)
			InitializePlatformSupportModulesInManaged (8ms)
			SetLoadedEditorAssemblies (6ms)
			RefreshPlugins (0ms)
			BeforeProcessingInitializeOnLoad (2ms)
			ProcessInitializeOnLoadAttributes (108ms)
			ProcessInitializeOnLoadMethodAttributes (44ms)
			AfterProcessingInitializeOnLoad (0ms)
			EditorAssembliesLoaded (0ms)
		ExecutionOrderSort2 (0ms)
		AwakeInstancesAfterBackupRestoration (0ms)
========================================================================
Worker process is ready to serve import requests
Begin MonoManager ReloadAssembly
- Loaded All Assemblies, in  0.779 seconds
Refreshing native plugins compatible for Editor in 4.70 ms, found 4 plugins.
Native extension for WindowsStandalone target not found
Package Manager log level set to [2]
[Package Manager] Server::EnsureServerProcessIsRunning -- launch failed, reason: Unity was launched with the -noUpm command-line argument
[Package Manager] UpmClient::Send -- Unable to send message (not connected to UPM process).
[Package Manager] Cannot connect to Unity Package Manager local server
Mono: successfully reloaded assembly
- Finished resetting the current domain, in  0.551 seconds
Domain Reload Profiling: 1325ms
	BeginReloadAssembly (117ms)
		ExecutionOrderSort (0ms)
		DisableScriptedObjects (4ms)
		BackupInstance (0ms)
		ReleaseScriptingObjects (0ms)
		CreateAndSetChildDomain (16ms)
	RebuildCommonClasses (25ms)
	RebuildNativeTypeToScriptingClass (8ms)
	initialDomainReloadingComplete (34ms)
	LoadAllAssembliesAndSetupDomain (590ms)
		LoadAssemblies (483ms)
		RebuildTransferFunctionScriptingTraits (0ms)
		AnalyzeDomain (176ms)
			TypeCache.Refresh (142ms)
				TypeCache.ScanAssembly (128ms)
			ScanForSourceGeneratedMonoScriptInfo (23ms)
			ResolveRequiredComponents (9ms)
	FinalizeReload (552ms)
		ReleaseScriptCaches (0ms)
		RebuildScriptCaches (0ms)
		SetupLoadedEditorAssemblies (417ms)
			LogAssemblyErrors (0ms)
			InitializePlatformSupportModulesInManaged (4ms)
			SetLoadedEditorAssemblies (4ms)
			RefreshPlugins (0ms)
			BeforeProcessingInitializeOnLoad (67ms)
			ProcessInitializeOnLoadAttributes (279ms)
			ProcessInitializeOnLoadMethodAttributes (57ms)
			AfterProcessingInitializeOnLoad (5ms)
			EditorAssembliesLoaded (0ms)
		ExecutionOrderSort2 (0ms)
		AwakeInstancesAfterBackupRestoration (5ms)
Launched and connected shader compiler UnityShaderCompiler.exe after 0.06 seconds
Refreshing native plugins compatible for Editor in 9.89 ms, found 4 plugins.
Preloading 0 native plugins for Editor in 0.00 ms.
Unloading 6001 Unused Serialized files (Serialized files now loaded: 0)
Unloading 116 unused Assets / (1.8 MB). Loaded Objects now: 6447.
Memory consumption went from 243.8 MB to 242.0 MB.
Total: 3.936000 ms (FindLiveObjects: 0.302700 ms CreateObjectMapping: 0.151500 ms MarkObjects: 2.935100 ms  DeleteObjects: 0.545100 ms)

AssetImportParameters requested are different than current active one (requested -> active):
  custom:container-demuxer-ogg: 62fdf1f143b41e24485cea50d1cbac27 -> 
  custom:video-codec-MediaFoundation-h265: 746d11721c4dcdbdad8f713fa42b33f4 -> 
  custom:video-decoder-ogg-theora: a1e56fd34408186e4bbccfd4996cb3dc -> 
  custom:framework-win-MediaFoundation: 216162199b28c13a410421893ffa2e32 -> 
  custom:CustomObjectIndexerAttribute: d54d2f2da18e7612c182cf67624b6b12 -> 
  custom:container-demuxer-webm: 4f35f7cbe854078d1ac9338744f61a02 -> 
  custom:container-muxer-webm: aa71ff27fc2769a1b78a27578f13a17b -> 
  custom:video-decoder-webm-vp8: 9c59270c3fd7afecdb556c50c9e8de78 -> 
  custom:SearchIndexIgnoredProperties: e643bd26f0fe6173181afceb89e7c659 -> 
  custom:AudioImporter_EditorPlatform: d09bf68614088b80899f8185d706f6e7 -> 
  custom:video-encoder-webm-vp8: eb34c28f22e8b96e1ab97ce403110664 -> 
  custom:audio-decoder-ogg-vorbis: bf7c407c2cedff20999df2af8eb42d56 -> 
  custom:audio-encoder-webm-vorbis: bf7c407c2cedff20999df2af8eb42d56 -> 
========================================================================
Received Import Request.
  Time since last request: 10916.590901 seconds.
  path: Assets/Images/BPW2-Background_sky.png
  artifactKey: Guid(20ca700c9852e8243bfe0e64cf716825) Importer(815301076,1909f56bfc062723c751e8b465ee728b)
Start importing Assets/Images/BPW2-Background_sky.png using Guid(20ca700c9852e8243bfe0e64cf716825) Importer(815301076,1909f56bfc062723c751e8b465ee728b)  -> (artifact id: '0299a6e448b2d5f64eb311fede829c91') in 0.144723 seconds
Number of updated asset objects reloaded before import = 0
Number of asset objects unloaded after import = 3
========================================================================
Received Import Request.
  Time since last request: 37.909238 seconds.
  path: Assets/Sprites/BPW2-containers_servers_more_2.png
  artifactKey: Guid(69e404c013b507a46af1c111bde99c76) Importer(815301076,1909f56bfc062723c751e8b465ee728b)
Start importing Assets/Sprites/BPW2-containers_servers_more_2.png using Guid(69e404c013b507a46af1c111bde99c76) Importer(815301076,1909f56bfc062723c751e8b465ee728b)  -> (artifact id: '529dcc4f9a2668c19302799fc02064d5') in 0.028305 seconds
Number of updated asset objects reloaded before import = 0
Number of asset objects unloaded after import = 3
========================================================================
Received Import Request.
  Time since last request: 10.729615 seconds.
  path: Assets/Sprites/BPW2-containers_servers_more_2.png
  artifactKey: Guid(69e404c013b507a46af1c111bde99c76) Importer(815301076,1909f56bfc062723c751e8b465ee728b)
Start importing Assets/Sprites/BPW2-containers_servers_more_2.png using Guid(69e404c013b507a46af1c111bde99c76) Importer(815301076,1909f56bfc062723c751e8b465ee728b)  -> (artifact id: '6d3f1cbcbab5f997b797d79cc7991fab') in 0.017339 seconds
Number of updated asset objects reloaded before import = 0
Number of asset objects unloaded after import = 2
========================================================================
Received Import Request.
  Time since last request: 12.125942 seconds.
  path: Assets/Sprites/BPW2-containers_servers_more_2.png
  artifactKey: Guid(69e404c013b507a46af1c111bde99c76) Importer(815301076,1909f56bfc062723c751e8b465ee728b)
Start importing Assets/Sprites/BPW2-containers_servers_more_2.png using Guid(69e404c013b507a46af1c111bde99c76) Importer(815301076,1909f56bfc062723c751e8b465ee728b)  -> (artifact id: '8240a4d5c8303d6913ad691f8ec78774') in 0.175013 seconds
Number of updated asset objects reloaded before import = 0
Number of asset objects unloaded after import = 70
========================================================================
Received Import Request.
  Time since last request: 19.372496 seconds.
  path: Assets/Sprites/BPW2-containers_servers_more_2.png
  artifactKey: Guid(69e404c013b507a46af1c111bde99c76) Importer(815301076,1909f56bfc062723c751e8b465ee728b)
Start importing Assets/Sprites/BPW2-containers_servers_more_2.png using Guid(69e404c013b507a46af1c111bde99c76) Importer(815301076,1909f56bfc062723c751e8b465ee728b)  -> (artifact id: 'ee447785a56aa0316c89e8713dfb6976') in 0.174160 seconds
Number of updated asset objects reloaded before import = 0
Number of asset objects unloaded after import = 70
========================================================================
Received Import Request.
  Time since last request: 37.539316 seconds.
  path: Assets/Sprites/Rectangular Palette.prefab
  artifactKey: Guid(22da50f982a6fa045873082e1d0049db) Importer(815301076,1909f56bfc062723c751e8b465ee728b)
Start importing Assets/Sprites/Rectangular Palette.prefab using Guid(22da50f982a6fa045873082e1d0049db) Importer(815301076,1909f56bfc062723c751e8b465ee728b)  -> (artifact id: 'd3fceb864a25b3c296c8a4f671686a55') in 0.125247 seconds
Number of updated asset objects reloaded before import = 0
Number of asset objects unloaded after import = 12
========================================================================
Received Import Request.
  Time since last request: 17.322880 seconds.
  path: Assets/Sprites/Rectangular Palette.prefab
  artifactKey: Guid(22da50f982a6fa045873082e1d0049db) Importer(815301076,1909f56bfc062723c751e8b465ee728b)
Start importing Assets/Sprites/Rectangular Palette.prefab using Guid(22da50f982a6fa045873082e1d0049db) Importer(815301076,1909f56bfc062723c751e8b465ee728b)  -> (artifact id: '3a8969a5cb5e0a04283cf3486a73fa12') in 0.032686 seconds
Number of updated asset objects reloaded before import = 0
Number of asset objects unloaded after import = 148
========================================================================
Received Import Request.
  Time since last request: 4.635729 seconds.
  path: Assets/Tiles/BPW2-containers_servers_more_2_0.asset
  artifactKey: Guid(427835d355284824b8f5f2814c17d2e3) Importer(815301076,1909f56bfc062723c751e8b465ee728b)
Start importing Assets/Tiles/BPW2-containers_servers_more_2_0.asset using Guid(427835d355284824b8f5f2814c17d2e3) Importer(815301076,1909f56bfc062723c751e8b465ee728b)  -> (artifact id: '7093ce0f5958a62681d0d35190b96b7a') in 0.019775 seconds
Number of updated asset objects reloaded before import = 0
Number of asset objects unloaded after import = 3
========================================================================
Received Import Request.
  Time since last request: 0.000091 seconds.
  path: Assets/Tiles/BPW2-containers_servers_more_2_13.asset
  artifactKey: Guid(cfe7ac826f7c7e84db9f82073899be3f) Importer(815301076,1909f56bfc062723c751e8b465ee728b)
Start importing Assets/Tiles/BPW2-containers_servers_more_2_13.asset using Guid(cfe7ac826f7c7e84db9f82073899be3f) Importer(815301076,1909f56bfc062723c751e8b465ee728b)  -> (artifact id: 'fed4745572f6b5dab92fcd89aa83e936') in 0.016113 seconds
Number of updated asset objects reloaded before import = 0
Number of asset objects unloaded after import = 3
========================================================================
Received Import Request.
  Time since last request: 0.000135 seconds.
  path: Assets/Tiles/BPW2-containers_servers_more_2_21.asset
  artifactKey: Guid(405b64bca8b44e84984ac74013108892) Importer(815301076,1909f56bfc062723c751e8b465ee728b)
Start importing Assets/Tiles/BPW2-containers_servers_more_2_21.asset using Guid(405b64bca8b44e84984ac74013108892) Importer(815301076,1909f56bfc062723c751e8b465ee728b)  -> (artifact id: '4093c007d4eeb2c4bb100793e466363d') in 0.015345 seconds
Number of updated asset objects reloaded before import = 0
Number of asset objects unloaded after import = 3
========================================================================
Received Import Request.
  Time since last request: 0.000022 seconds.
  path: Assets/Tiles/BPW2-containers_servers_more_2_4.asset
  artifactKey: Guid(6d8313c997559b144a0862f46cb38ef0) Importer(815301076,1909f56bfc062723c751e8b465ee728b)
Start importing Assets/Tiles/BPW2-containers_servers_more_2_4.asset using Guid(6d8313c997559b144a0862f46cb38ef0) Importer(815301076,1909f56bfc062723c751e8b465ee728b)  -> (artifact id: '604144e8a8f20f093384ecfc8985a5b7') in 0.016922 seconds
Number of updated asset objects reloaded before import = 0
Number of asset objects unloaded after import = 3
========================================================================
Received Import Request.
  Time since last request: 0.000024 seconds.
  path: Assets/Tiles/BPW2-containers_servers_more_2_11.asset
  artifactKey: Guid(5c3f54367f8d29544bd738bebbfe7061) Importer(815301076,1909f56bfc062723c751e8b465ee728b)
Start importing Assets/Tiles/BPW2-containers_servers_more_2_11.asset using Guid(5c3f54367f8d29544bd738bebbfe7061) Importer(815301076,1909f56bfc062723c751e8b465ee728b)  -> (artifact id: 'd5e02fd79c8571ede11b84bb6f2cf7ed') in 0.018026 seconds
Number of updated asset objects reloaded before import = 0
Number of asset objects unloaded after import = 3
========================================================================
Received Import Request.
  Time since last request: 0.000153 seconds.
  path: Assets/Tiles/BPW2-containers_servers_more_2_17.asset
  artifactKey: Guid(6c4b50d1927fccf479059389bfa6f3a4) Importer(815301076,1909f56bfc062723c751e8b465ee728b)
Start importing Assets/Tiles/BPW2-containers_servers_more_2_17.asset using Guid(6c4b50d1927fccf479059389bfa6f3a4) Importer(815301076,1909f56bfc062723c751e8b465ee728b)  -> (artifact id: '3b31d2877dd37f7a11777926e0db02e4') in 0.013671 seconds
Number of updated asset objects reloaded before import = 0
Number of asset objects unloaded after import = 3
========================================================================
Received Import Request.
  Time since last request: 0.000028 seconds.
  path: Assets/Tiles/BPW2-containers_servers_more_2_6.asset
  artifactKey: Guid(6f4bfedc0802fce40bff3cb471377198) Importer(815301076,1909f56bfc062723c751e8b465ee728b)
Start importing Assets/Tiles/BPW2-containers_servers_more_2_6.asset using Guid(6f4bfedc0802fce40bff3cb471377198) Importer(815301076,1909f56bfc062723c751e8b465ee728b)  -> (artifact id: '366ddfb494741627949b951caa4b1dfc') in 0.012131 seconds
Number of updated asset objects reloaded before import = 0
Number of asset objects unloaded after import = 3
========================================================================
Received Import Request.
  Time since last request: 0.000026 seconds.
  path: Assets/Tiles/BPW2-containers_servers_more_2_15.asset
  artifactKey: Guid(7d38854a448bfb94baf54b888a66f5c0) Importer(815301076,1909f56bfc062723c751e8b465ee728b)
Start importing Assets/Tiles/BPW2-containers_servers_more_2_15.asset using Guid(7d38854a448bfb94baf54b888a66f5c0) Importer(815301076,1909f56bfc062723c751e8b465ee728b)  -> (artifact id: '55378aee0420dae47ca54dd95a7bc59b') in 0.011957 seconds
Number of updated asset objects reloaded before import = 0
Number of asset objects unloaded after import = 3
========================================================================
Received Import Request.
  Time since last request: 0.000063 seconds.
  path: Assets/Tiles/BPW2-containers_servers_more_2_26.asset
  artifactKey: Guid(adaa0b5f1ca4472448b0011d01bf13e5) Importer(815301076,1909f56bfc062723c751e8b465ee728b)
Start importing Assets/Tiles/BPW2-containers_servers_more_2_26.asset using Guid(adaa0b5f1ca4472448b0011d01bf13e5) Importer(815301076,1909f56bfc062723c751e8b465ee728b)  -> (artifact id: '0b96de899304c1caa3d4becca91e8f31') in 0.012287 seconds
Number of updated asset objects reloaded before import = 0
Number of asset objects unloaded after import = 3
========================================================================
Received Import Request.
  Time since last request: 0.000020 seconds.
  path: Assets/Tiles/BPW2-containers_servers_more_2_23.asset
  artifactKey: Guid(aa710bdef5b005a4ba33166d4b8ad3b5) Importer(815301076,1909f56bfc062723c751e8b465ee728b)
Start importing Assets/Tiles/BPW2-containers_servers_more_2_23.asset using Guid(aa710bdef5b005a4ba33166d4b8ad3b5) Importer(815301076,1909f56bfc062723c751e8b465ee728b)  -> (artifact id: '96d9ef1cae9f48b1c397753b8df6a218') in 0.010945 seconds
Number of updated asset objects reloaded before import = 0
Number of asset objects unloaded after import = 3
========================================================================
Received Import Request.
  Time since last request: 0.000061 seconds.
  path: Assets/Tiles/BPW2-containers_servers_more_2_8.asset
  artifactKey: Guid(847f73269431a194bb528040126811c8) Importer(815301076,1909f56bfc062723c751e8b465ee728b)
Start importing Assets/Tiles/BPW2-containers_servers_more_2_8.asset using Guid(847f73269431a194bb528040126811c8) Importer(815301076,1909f56bfc062723c751e8b465ee728b)  -> (artifact id: 'a2ec5b3d8bf62931cdea77075d82735c') in 0.013682 seconds
Number of updated asset objects reloaded before import = 0
Number of asset objects unloaded after import = 3
========================================================================
Received Import Request.
  Time since last request: 0.000022 seconds.
  path: Assets/Tiles/BPW2-containers_servers_more_2_7.asset
  artifactKey: Guid(2e26da8fed2f729448b6338e910803e5) Importer(815301076,1909f56bfc062723c751e8b465ee728b)
Start importing Assets/Tiles/BPW2-containers_servers_more_2_7.asset using Guid(2e26da8fed2f729448b6338e910803e5) Importer(815301076,1909f56bfc062723c751e8b465ee728b)  -> (artifact id: 'cfe2e5d1d3b4671c21e3f01379945315') in 0.012666 seconds
Number of updated asset objects reloaded before import = 0
Number of asset objects unloaded after import = 3
========================================================================
Received Import Request.
  Time since last request: 0.000020 seconds.
  path: Assets/Tiles/BPW2-containers_servers_more_2_18.asset
  artifactKey: Guid(01efc733df6647c48b32e89a3c267afd) Importer(815301076,1909f56bfc062723c751e8b465ee728b)
Start importing Assets/Tiles/BPW2-containers_servers_more_2_18.asset using Guid(01efc733df6647c48b32e89a3c267afd) Importer(815301076,1909f56bfc062723c751e8b465ee728b)  -> (artifact id: 'a865d8c8ae04662ebede2fd1615984ff') in 0.013554 seconds
Number of updated asset objects reloaded before import = 0
Number of asset objects unloaded after import = 3
========================================================================
Received Import Request.
  Time since last request: 0.000021 seconds.
  path: Assets/Tiles/BPW2-containers_servers_more_2_5.asset
  artifactKey: Guid(0dae9571a29b1b6459de564a98b1bd0f) Importer(815301076,1909f56bfc062723c751e8b465ee728b)
Start importing Assets/Tiles/BPW2-containers_servers_more_2_5.asset using Guid(0dae9571a29b1b6459de564a98b1bd0f) Importer(815301076,1909f56bfc062723c751e8b465ee728b)  -> (artifact id: '493b058b3e8ec6bf83d0bb3a426fdbfd') in 0.012720 seconds
Number of updated asset objects reloaded before import = 0
Number of asset objects unloaded after import = 3
========================================================================
Received Import Request.
  Time since last request: 0.434892 seconds.
  path: Assets/Tiles/BPW2-containers_servers_more_2_27.asset
  artifactKey: Guid(63c8cdbc3a0543f41b88f1aa6b2ddf4e) Importer(815301076,1909f56bfc062723c751e8b465ee728b)
Start importing Assets/Tiles/BPW2-containers_servers_more_2_27.asset using Guid(63c8cdbc3a0543f41b88f1aa6b2ddf4e) Importer(815301076,1909f56bfc062723c751e8b465ee728b)  -> (artifact id: '5d6e10094270023885e12d8ba77b763d') in 0.016417 seconds
Number of updated asset objects reloaded before import = 0
Number of asset objects unloaded after import = 3
========================================================================
Received Import Request.
  Time since last request: 0.000019 seconds.
  path: Assets/Tiles/BPW2-containers_servers_more_2_30.asset
  artifactKey: Guid(f08f366752e6ed94ab0e2b89c76edb76) Importer(815301076,1909f56bfc062723c751e8b465ee728b)
Start importing Assets/Tiles/BPW2-containers_servers_more_2_30.asset using Guid(f08f366752e6ed94ab0e2b89c76edb76) Importer(815301076,1909f56bfc062723c751e8b465ee728b)  -> (artifact id: '0ef9de509dc90fe4066693af0b86562e') in 0.013656 seconds
Number of updated asset objects reloaded before import = 0
Number of asset objects unloaded after import = 3
========================================================================
Received Import Request.
  Time since last request: 0.000028 seconds.
  path: Assets/Tiles/BPW2-containers_servers_more_2_53.asset
  artifactKey: Guid(69514185cfa0fbd4a9513fc3d1702404) Importer(815301076,1909f56bfc062723c751e8b465ee728b)
Start importing Assets/Tiles/BPW2-containers_servers_more_2_53.asset using Guid(69514185cfa0fbd4a9513fc3d1702404) Importer(815301076,1909f56bfc062723c751e8b465ee728b)  -> (artifact id: '7b39978919deceb017e208c1f7623de0') in 0.016027 seconds
Number of updated asset objects reloaded before import = 0
Number of asset objects unloaded after import = 3
========================================================================
Received Import Request.
  Time since last request: 0.000065 seconds.
  path: Assets/Tiles/BPW2-containers_servers_more_2_55.asset
  artifactKey: Guid(eb086d24b826a754e8566e98c726463e) Importer(815301076,1909f56bfc062723c751e8b465ee728b)
Start importing Assets/Tiles/BPW2-containers_servers_more_2_55.asset using Guid(eb086d24b826a754e8566e98c726463e) Importer(815301076,1909f56bfc062723c751e8b465ee728b)  -> (artifact id: '30e39118e4aaaf31dd5c7a0b613c55c8') in 0.014478 seconds
Number of updated asset objects reloaded before import = 0
Number of asset objects unloaded after import = 3
========================================================================
Received Import Request.
  Time since last request: 0.000027 seconds.
  path: Assets/Tiles/BPW2-containers_servers_more_2_40.asset
  artifactKey: Guid(bf2f3e58aac59e5489aec371df4ca4d2) Importer(815301076,1909f56bfc062723c751e8b465ee728b)
Start importing Assets/Tiles/BPW2-containers_servers_more_2_40.asset using Guid(bf2f3e58aac59e5489aec371df4ca4d2) Importer(815301076,1909f56bfc062723c751e8b465ee728b)  -> (artifact id: '97bfdb8a4945de94af51a342fe16561b') in 0.014076 seconds
Number of updated asset objects reloaded before import = 0
Number of asset objects unloaded after import = 3
========================================================================
Received Import Request.
  Time since last request: 0.000029 seconds.
  path: Assets/Tiles/BPW2-containers_servers_more_2_61.asset
  artifactKey: Guid(9e7b7438132b7b148981c4901c08be9d) Importer(815301076,1909f56bfc062723c751e8b465ee728b)
Start importing Assets/Tiles/BPW2-containers_servers_more_2_61.asset using Guid(9e7b7438132b7b148981c4901c08be9d) Importer(815301076,1909f56bfc062723c751e8b465ee728b)  -> (artifact id: '741f97a76112076ce488a78b21f70266') in 0.012544 seconds
Number of updated asset objects reloaded before import = 0
Number of asset objects unloaded after import = 3
========================================================================
Received Import Request.
  Time since last request: 0.000021 seconds.
  path: Assets/Tiles/BPW2-containers_servers_more_2_60.asset
  artifactKey: Guid(018d6378f1158ae41bb5b0034781634f) Importer(815301076,1909f56bfc062723c751e8b465ee728b)
Start importing Assets/Tiles/BPW2-containers_servers_more_2_60.asset using Guid(018d6378f1158ae41bb5b0034781634f) Importer(815301076,1909f56bfc062723c751e8b465ee728b)  -> (artifact id: '258ebc92a2c03b844eb95a14352b8c01') in 0.013340 seconds
Number of updated asset objects reloaded before import = 0
Number of asset objects unloaded after import = 3
========================================================================
Received Import Request.
  Time since last request: 0.000193 seconds.
  path: Assets/Tiles/BPW2-containers_servers_more_2_54.asset
  artifactKey: Guid(7e522248f35885847b01f75537432ee9) Importer(815301076,1909f56bfc062723c751e8b465ee728b)
Start importing Assets/Tiles/BPW2-containers_servers_more_2_54.asset using Guid(7e522248f35885847b01f75537432ee9) Importer(815301076,1909f56bfc062723c751e8b465ee728b)  -> (artifact id: '8d245952578ede78ce812ffa317dd5c7') in 0.012566 seconds
Number of updated asset objects reloaded before import = 0
Number of asset objects unloaded after import = 3
========================================================================
Received Import Request.
  Time since last request: 0.000025 seconds.
  path: Assets/Tiles/BPW2-containers_servers_more_2_67.asset
  artifactKey: Guid(1a1ba03ab59a293419ca2b3b3a7754d6) Importer(815301076,1909f56bfc062723c751e8b465ee728b)
Start importing Assets/Tiles/BPW2-containers_servers_more_2_67.asset using Guid(1a1ba03ab59a293419ca2b3b3a7754d6) Importer(815301076,1909f56bfc062723c751e8b465ee728b)  -> (artifact id: '8982fb62b1812ebbea3155e691445386') in 0.012367 seconds
Number of updated asset objects reloaded before import = 0
Number of asset objects unloaded after import = 3
========================================================================
Received Import Request.
  Time since last request: 0.000021 seconds.
  path: Assets/Tiles/BPW2-containers_servers_more_2_32.asset
  artifactKey: Guid(195be1b1576bbd54199bc1668e8f9416) Importer(815301076,1909f56bfc062723c751e8b465ee728b)
Start importing Assets/Tiles/BPW2-containers_servers_more_2_32.asset using Guid(195be1b1576bbd54199bc1668e8f9416) Importer(815301076,1909f56bfc062723c751e8b465ee728b)  -> (artifact id: 'c86399943cd691e3cc6cf6bc73f68d23') in 0.013376 seconds
Number of updated asset objects reloaded before import = 0
Number of asset objects unloaded after import = 3
========================================================================
Received Import Request.
  Time since last request: 0.000022 seconds.
  path: Assets/Tiles/BPW2-containers_servers_more_2_45.asset
  artifactKey: Guid(8a45d25a8431ed543b3cbaa56bbc750b) Importer(815301076,1909f56bfc062723c751e8b465ee728b)
Start importing Assets/Tiles/BPW2-containers_servers_more_2_45.asset using Guid(8a45d25a8431ed543b3cbaa56bbc750b) Importer(815301076,1909f56bfc062723c751e8b465ee728b)  -> (artifact id: '19bd0e8c9fc6371c5545e74dbb7e5bf5') in 0.014618 seconds
Number of updated asset objects reloaded before import = 0
Number of asset objects unloaded after import = 3
========================================================================
Received Import Request.
  Time since last request: 0.000018 seconds.
  path: Assets/Tiles/BPW2-containers_servers_more_2_36.asset
  artifactKey: Guid(b1bcf4735fad28c4c81030bda8c87687) Importer(815301076,1909f56bfc062723c751e8b465ee728b)
Start importing Assets/Tiles/BPW2-containers_servers_more_2_36.asset using Guid(b1bcf4735fad28c4c81030bda8c87687) Importer(815301076,1909f56bfc062723c751e8b465ee728b)  -> (artifact id: 'db725e5e7ea4b12a4fb1cb8e73bc8efa') in 0.013927 seconds
Number of updated asset objects reloaded before import = 0
Number of asset objects unloaded after import = 3
========================================================================
Received Import Request.
  Time since last request: 0.000030 seconds.
  path: Assets/Tiles/BPW2-containers_servers_more_2_33.asset
  artifactKey: Guid(6d7d3a2d8b4f36547a95f2da88078a37) Importer(815301076,1909f56bfc062723c751e8b465ee728b)
Start importing Assets/Tiles/BPW2-containers_servers_more_2_33.asset using Guid(6d7d3a2d8b4f36547a95f2da88078a37) Importer(815301076,1909f56bfc062723c751e8b465ee728b)  -> (artifact id: '7b77966ca23c0861fd7f3fed099f3092') in 0.013307 seconds
Number of updated asset objects reloaded before import = 0
Number of asset objects unloaded after import = 3
========================================================================
Received Import Request.
  Time since last request: 0.000043 seconds.
  path: Assets/Tiles/BPW2-containers_servers_more_2_62.asset
  artifactKey: Guid(9fa2006df59812d438aa60e0a0842a70) Importer(815301076,1909f56bfc062723c751e8b465ee728b)
Start importing Assets/Tiles/BPW2-containers_servers_more_2_62.asset using Guid(9fa2006df59812d438aa60e0a0842a70) Importer(815301076,1909f56bfc062723c751e8b465ee728b)  -> (artifact id: 'f7df4b717c0d47c8dc309b7c3e1a3778') in 0.013205 seconds
Number of updated asset objects reloaded before import = 0
Number of asset objects unloaded after import = 3
========================================================================
Received Import Request.
  Time since last request: 0.000025 seconds.
  path: Assets/Tiles/BPW2-containers_servers_more_2_37.asset
  artifactKey: Guid(5e3bf88ec8aa7ee4cae7d02764c889cc) Importer(815301076,1909f56bfc062723c751e8b465ee728b)
Start importing Assets/Tiles/BPW2-containers_servers_more_2_37.asset using Guid(5e3bf88ec8aa7ee4cae7d02764c889cc) Importer(815301076,1909f56bfc062723c751e8b465ee728b)  -> (artifact id: 'b2786899d4340a01382f0822958d99fa') in 0.014565 seconds
Number of updated asset objects reloaded before import = 0
Number of asset objects unloaded after import = 3
========================================================================
Received Import Request.
  Time since last request: 0.000033 seconds.
  path: Assets/Tiles/BPW2-containers_servers_more_2_44.asset
  artifactKey: Guid(fcbc43541990ab04e9e1db3625e359d6) Importer(815301076,1909f56bfc062723c751e8b465ee728b)
Start importing Assets/Tiles/BPW2-containers_servers_more_2_44.asset using Guid(fcbc43541990ab04e9e1db3625e359d6) Importer(815301076,1909f56bfc062723c751e8b465ee728b)  -> (artifact id: '61830c247fab91046473d99996de86ad') in 0.017540 seconds
Number of updated asset objects reloaded before import = 0
Number of asset objects unloaded after import = 3
========================================================================
Received Import Request.
  Time since last request: 0.000024 seconds.
  path: Assets/Tiles/BPW2-containers_servers_more_2_29.asset
  artifactKey: Guid(a7d083fabf2fc634b8d5f9568aecc107) Importer(815301076,1909f56bfc062723c751e8b465ee728b)
Start importing Assets/Tiles/BPW2-containers_servers_more_2_29.asset using Guid(a7d083fabf2fc634b8d5f9568aecc107) Importer(815301076,1909f56bfc062723c751e8b465ee728b)  -> (artifact id: 'cfa26073a0261831650dc6761aa5594a') in 0.015526 seconds
Number of updated asset objects reloaded before import = 0
Number of asset objects unloaded after import = 3
========================================================================
Received Import Request.
  Time since last request: 0.000030 seconds.
  path: Assets/Tiles/BPW2-containers_servers_more_2_52.asset
  artifactKey: Guid(15305e84009cca24e928ff0088379300) Importer(815301076,1909f56bfc062723c751e8b465ee728b)
Start importing Assets/Tiles/BPW2-containers_servers_more_2_52.asset using Guid(15305e84009cca24e928ff0088379300) Importer(815301076,1909f56bfc062723c751e8b465ee728b)  -> (artifact id: '8eb545bccac2a0a185a5f757be787596') in 0.013895 seconds
Number of updated asset objects reloaded before import = 0
Number of asset objects unloaded after import = 3
========================================================================
Received Import Request.
  Time since last request: 0.000024 seconds.
  path: Assets/Tiles/BPW2-containers_servers_more_2_38.asset
  artifactKey: Guid(1ba71ecf720164f4886ec8df57ad8d58) Importer(815301076,1909f56bfc062723c751e8b465ee728b)
Start importing Assets/Tiles/BPW2-containers_servers_more_2_38.asset using Guid(1ba71ecf720164f4886ec8df57ad8d58) Importer(815301076,1909f56bfc062723c751e8b465ee728b)  -> (artifact id: '9f6ce10b518611f54d5944525ffec4dc') in 0.012316 seconds
Number of updated asset objects reloaded before import = 0
Number of asset objects unloaded after import = 3
========================================================================
Received Import Request.
  Time since last request: 0.000024 seconds.
  path: Assets/Tiles/BPW2-containers_servers_more_2_57.asset
  artifactKey: Guid(a879b2a208dc63a4b82638f205a16a30) Importer(815301076,1909f56bfc062723c751e8b465ee728b)
Start importing Assets/Tiles/BPW2-containers_servers_more_2_57.asset using Guid(a879b2a208dc63a4b82638f205a16a30) Importer(815301076,1909f56bfc062723c751e8b465ee728b)  -> (artifact id: 'ea5b32ebd8338fef49a66f6bb21ac197') in 0.014268 seconds
Number of updated asset objects reloaded before import = 0
Number of asset objects unloaded after import = 3
========================================================================
Received Import Request.
  Time since last request: 0.000022 seconds.
  path: Assets/Tiles/BPW2-containers_servers_more_2_48.asset
  artifactKey: Guid(fdbdac18ca99df84992b3de4cb6b0329) Importer(815301076,1909f56bfc062723c751e8b465ee728b)
Start importing Assets/Tiles/BPW2-containers_servers_more_2_48.asset using Guid(fdbdac18ca99df84992b3de4cb6b0329) Importer(815301076,1909f56bfc062723c751e8b465ee728b)  -> (artifact id: 'c5afb83508231134e62428e1b75d0aad') in 0.015219 seconds
Number of updated asset objects reloaded before import = 0
Number of asset objects unloaded after import = 3
========================================================================
Received Import Request.
  Time since last request: 15.753941 seconds.
  path: Assets/TextMesh Pro/Examples & Extras/Prefabs/TextMeshPro - Prefab 1.prefab
  artifactKey: Guid(a6e39ced0ea046bcb636c3f0b2e2a745) Importer(815301076,1909f56bfc062723c751e8b465ee728b)
Start importing Assets/TextMesh Pro/Examples & Extras/Prefabs/TextMeshPro - Prefab 1.prefab using Guid(a6e39ced0ea046bcb636c3f0b2e2a745) Importer(815301076,1909f56bfc062723c751e8b465ee728b)  -> (artifact id: 'a3dd4674a3d91ea72f4c1e178eca4178') in 0.078071 seconds
Number of updated asset objects reloaded before import = 0
Number of asset objects unloaded after import = 16
Editor requested this worker to shutdown with reason: Scaling down because of idle timeout
TcpMessagingSession - receive error: operation aborted. errorcode: 995, details: The I/O operation has been aborted because of either a thread exit or an application request.
AssetImportWorker is now disconnected from the server
Process exiting
Exiting without the bug reporter. Application will terminate with return code 0