Using pre-set license
Built from '2022.3/staging' branch; Version is '2022.3.13f1 (5f90a5ebde0f) revision 6262949'; Using compiler version '192829333'; Build Type 'Release'
OS: 'Windows 11  (10.0.22631) 64bit Core' Language: 'en' Physical Memory: 16019 MB
BatchMode: 1, IsHumanControllingUs: 0, StartBugReporterOnCrash: 0, Is64bit: 1, IsPro: 1

COMMAND LINE ARGUMENTS:
C:\Program Files\Unity\Hub\Editor\2022.3.13f1\Editor\Unity.exe
-adb2
-batchMode
-noUpm
-name
AssetImportWorker2
-projectPath
C:/Users/yaren/BPW-2-Project-2024
-logFile
Logs/AssetImportWorker2.log
-srvPort
54807
Successfully changed project path to: C:/Users/yaren/BPW-2-Project-2024
C:/Users/yaren/BPW-2-Project-2024
[UnityMemory] Configuration Parameters - Can be set up in boot.config
    "memorysetup-bucket-allocator-granularity=16"
    "memorysetup-bucket-allocator-bucket-count=8"
    "memorysetup-bucket-allocator-block-size=33554432"
    "memorysetup-bucket-allocator-block-count=8"
    "memorysetup-main-allocator-block-size=16777216"
    "memorysetup-thread-allocator-block-size=16777216"
    "memorysetup-gfx-main-allocator-block-size=16777216"
    "memorysetup-gfx-thread-allocator-block-size=16777216"
    "memorysetup-cache-allocator-block-size=4194304"
    "memorysetup-typetree-allocator-block-size=2097152"
    "memorysetup-profiler-bucket-allocator-granularity=16"
    "memorysetup-profiler-bucket-allocator-bucket-count=8"
    "memorysetup-profiler-bucket-allocator-block-size=33554432"
    "memorysetup-profiler-bucket-allocator-block-count=8"
    "memorysetup-profiler-allocator-block-size=16777216"
    "memorysetup-profiler-editor-allocator-block-size=1048576"
    "memorysetup-temp-allocator-size-main=16777216"
    "memorysetup-job-temp-allocator-block-size=2097152"
    "memorysetup-job-temp-allocator-block-size-background=1048576"
    "memorysetup-job-temp-allocator-reduction-small-platforms=262144"
    "memorysetup-allocator-temp-initial-block-size-main=262144"
    "memorysetup-allocator-temp-initial-block-size-worker=262144"
    "memorysetup-temp-allocator-size-background-worker=32768"
    "memorysetup-temp-allocator-size-job-worker=262144"
    "memorysetup-temp-allocator-size-preload-manager=33554432"
    "memorysetup-temp-allocator-size-nav-mesh-worker=65536"
    "memorysetup-temp-allocator-size-audio-worker=65536"
    "memorysetup-temp-allocator-size-cloud-worker=32768"
    "memorysetup-temp-allocator-size-gi-baking-worker=262144"
    "memorysetup-temp-allocator-size-gfx=262144"
Player connection [59864] Host "[IP] 10.3.29.132 [Port] 0 [Flags] 2 [Guid] 4085450095 [EditorId] 4085450095 [Version] 1048832 [Id] WindowsEditor(7,yarens-laptop) [Debug] 1 [PackageName] WindowsEditor [ProjectName] Editor" joined multi-casting on [225.0.0.222:54997]...

Player connection [59864] Host "[IP] 10.3.29.132 [Port] 0 [Flags] 2 [Guid] 4085450095 [EditorId] 4085450095 [Version] 1048832 [Id] WindowsEditor(7,yarens-laptop) [Debug] 1 [PackageName] WindowsEditor [ProjectName] Editor" joined alternative multi-casting on [225.0.0.222:34997]...

[Physics::Module] Initialized MultithreadedJobDispatcher with 19 workers.
Refreshing native plugins compatible for Editor in 4199.16 ms, found 4 plugins.
Preloading 0 native plugins for Editor in 0.00 ms.
Initialize engine version: 2022.3.13f1 (5f90a5ebde0f)
[Subsystems] Discovering subsystems at path C:/Program Files/Unity/Hub/Editor/2022.3.13f1/Editor/Data/Resources/UnitySubsystems
[Subsystems] Discovering subsystems at path C:/Users/yaren/BPW-2-Project-2024/Assets
GfxDevice: creating device client; threaded=0; jobified=0
Direct3D:
    Version:  Direct3D 11.0 [level 11.1]
    Renderer: NVIDIA GeForce RTX 4070 Laptop GPU (ID=0x2860)
    Vendor:   NVIDIA
    VRAM:     7963 MB
    Driver:   31.0.15.4617
Initialize mono
Mono path[0] = 'C:/Program Files/Unity/Hub/Editor/2022.3.13f1/Editor/Data/Managed'
Mono path[1] = 'C:/Program Files/Unity/Hub/Editor/2022.3.13f1/Editor/Data/MonoBleedingEdge/lib/mono/unityjit-win32'
Mono config path = 'C:/Program Files/Unity/Hub/Editor/2022.3.13f1/Editor/Data/MonoBleedingEdge/etc'
Using monoOptions --debugger-agent=transport=dt_socket,embedding=1,server=y,suspend=n,address=127.0.0.1:56868
Begin MonoManager ReloadAssembly
Registering precompiled unity dll's ...
Register platform support module: C:/Program Files/Unity/Hub/Editor/2022.3.13f1/Editor/Data/PlaybackEngines/WindowsStandaloneSupport/UnityEditor.WindowsStandalone.Extensions.dll
Registered in 0.303100 seconds.
- Loaded All Assemblies, in 18.083 seconds
Native extension for WindowsStandalone target not found
Mono: successfully reloaded assembly
- Finished resetting the current domain, in  0.177 seconds
Domain Reload Profiling: 18259ms
	BeginReloadAssembly (13949ms)
		ExecutionOrderSort (0ms)
		DisableScriptedObjects (0ms)
		BackupInstance (0ms)
		ReleaseScriptingObjects (0ms)
		CreateAndSetChildDomain (1ms)
	RebuildCommonClasses (1249ms)
	RebuildNativeTypeToScriptingClass (6ms)
	initialDomainReloadingComplete (337ms)
	LoadAllAssembliesAndSetupDomain (2540ms)
		LoadAssemblies (13947ms)
		RebuildTransferFunctionScriptingTraits (0ms)
		AnalyzeDomain (2539ms)
			TypeCache.Refresh (2538ms)
				TypeCache.ScanAssembly (1736ms)
			ScanForSourceGeneratedMonoScriptInfo (0ms)
			ResolveRequiredComponents (0ms)
	FinalizeReload (177ms)
		ReleaseScriptCaches (0ms)
		RebuildScriptCaches (0ms)
		SetupLoadedEditorAssemblies (141ms)
			LogAssemblyErrors (0ms)
			InitializePlatformSupportModulesInManaged (7ms)
			SetLoadedEditorAssemblies (5ms)
			RefreshPlugins (0ms)
			BeforeProcessingInitializeOnLoad (1ms)
			ProcessInitializeOnLoadAttributes (79ms)
			ProcessInitializeOnLoadMethodAttributes (47ms)
			AfterProcessingInitializeOnLoad (0ms)
			EditorAssembliesLoaded (0ms)
		ExecutionOrderSort2 (0ms)
		AwakeInstancesAfterBackupRestoration (0ms)
========================================================================
Worker process is ready to serve import requests
Begin MonoManager ReloadAssembly
- Loaded All Assemblies, in 24.832 seconds
Refreshing native plugins compatible for Editor in 3.26 ms, found 4 plugins.
Native extension for WindowsStandalone target not found
Package Manager log level set to [2]
[Package Manager] Server::EnsureServerProcessIsRunning -- launch failed, reason: Unity was launched with the -noUpm command-line argument
[Package Manager] UpmClient::Send -- Unable to send message (not connected to UPM process).
[Package Manager] Cannot connect to Unity Package Manager local server
Mono: successfully reloaded assembly
- Finished resetting the current domain, in  0.514 seconds
Domain Reload Profiling: 25344ms
	BeginReloadAssembly (102ms)
		ExecutionOrderSort (0ms)
		DisableScriptedObjects (3ms)
		BackupInstance (0ms)
		ReleaseScriptingObjects (0ms)
		CreateAndSetChildDomain (15ms)
	RebuildCommonClasses (23ms)
	RebuildNativeTypeToScriptingClass (7ms)
	initialDomainReloadingComplete (33ms)
	LoadAllAssembliesAndSetupDomain (24664ms)
		LoadAssemblies (23642ms)
		RebuildTransferFunctionScriptingTraits (0ms)
		AnalyzeDomain (1082ms)
			TypeCache.Refresh (1053ms)
				TypeCache.ScanAssembly (942ms)
			ScanForSourceGeneratedMonoScriptInfo (21ms)
			ResolveRequiredComponents (7ms)
	FinalizeReload (514ms)
		ReleaseScriptCaches (0ms)
		RebuildScriptCaches (0ms)
		SetupLoadedEditorAssemblies (396ms)
			LogAssemblyErrors (0ms)
			InitializePlatformSupportModulesInManaged (4ms)
			SetLoadedEditorAssemblies (4ms)
			RefreshPlugins (0ms)
			BeforeProcessingInitializeOnLoad (63ms)
			ProcessInitializeOnLoadAttributes (265ms)
			ProcessInitializeOnLoadMethodAttributes (56ms)
			AfterProcessingInitializeOnLoad (4ms)
			EditorAssembliesLoaded (0ms)
		ExecutionOrderSort2 (0ms)
		AwakeInstancesAfterBackupRestoration (5ms)
Launched and connected shader compiler UnityShaderCompiler.exe after 0.09 seconds
Refreshing native plugins compatible for Editor in 2.62 ms, found 4 plugins.
Preloading 0 native plugins for Editor in 0.00 ms.
Unloading 5949 Unused Serialized files (Serialized files now loaded: 0)
Unloading 116 unused Assets / (1.8 MB). Loaded Objects now: 6394.
Memory consumption went from 238.5 MB to 236.7 MB.
Total: 3.742200 ms (FindLiveObjects: 0.268700 ms CreateObjectMapping: 0.179100 ms MarkObjects: 2.944100 ms  DeleteObjects: 0.349500 ms)

AssetImportParameters requested are different than current active one (requested -> active):
  custom:container-demuxer-ogg: 62fdf1f143b41e24485cea50d1cbac27 -> 
  custom:video-codec-MediaFoundation-h265: 746d11721c4dcdbdad8f713fa42b33f4 -> 
  custom:video-decoder-ogg-theora: a1e56fd34408186e4bbccfd4996cb3dc -> 
  custom:framework-win-MediaFoundation: 216162199b28c13a410421893ffa2e32 -> 
  custom:CustomObjectIndexerAttribute: d54d2f2da18e7612c182cf67624b6b12 -> 
  custom:container-demuxer-webm: 4f35f7cbe854078d1ac9338744f61a02 -> 
  custom:container-muxer-webm: aa71ff27fc2769a1b78a27578f13a17b -> 
  custom:video-decoder-webm-vp8: 9c59270c3fd7afecdb556c50c9e8de78 -> 
  custom:SearchIndexIgnoredProperties: e643bd26f0fe6173181afceb89e7c659 -> 
  custom:AudioImporter_EditorPlatform: d09bf68614088b80899f8185d706f6e7 -> 
  custom:video-encoder-webm-vp8: eb34c28f22e8b96e1ab97ce403110664 -> 
  custom:audio-decoder-ogg-vorbis: bf7c407c2cedff20999df2af8eb42d56 -> 
  custom:audio-encoder-webm-vorbis: bf7c407c2cedff20999df2af8eb42d56 -> 
========================================================================
Received Import Request.
  Time since last request: 1391114.851035 seconds.
  path: Assets/Shaders/TextureExample.shadergraph
  artifactKey: Guid(1eb016a81c901b446b9aa6962e4ce71a) Importer(815301076,1909f56bfc062723c751e8b465ee728b)
Start importing Assets/Shaders/TextureExample.shadergraph using Guid(1eb016a81c901b446b9aa6962e4ce71a) Importer(815301076,1909f56bfc062723c751e8b465ee728b)  -> (artifact id: '13502ca6ef7ec950d46c2bf9d59958d9') in 0.196112 seconds
Number of updated asset objects reloaded before import = 0
Number of asset objects unloaded after import = 4
========================================================================
Received Import Request.
  Time since last request: 10.386615 seconds.
  path: Assets/Shaders/goop texture.shadergraph
  artifactKey: Guid(a183428d1544ac348b641853934a1b3d) Importer(815301076,1909f56bfc062723c751e8b465ee728b)
Start importing Assets/Shaders/goop texture.shadergraph using Guid(a183428d1544ac348b641853934a1b3d) Importer(815301076,1909f56bfc062723c751e8b465ee728b)  -> (artifact id: 'c7aa81679cf8562f2d0e4e1565e33ff9') in 0.172990 seconds
Number of updated asset objects reloaded before import = 0
Number of asset objects unloaded after import = 4
========================================================================
Received Import Request.
  Time since last request: 36.764524 seconds.
  path: Assets/Shaders/goop real.mat
  artifactKey: Guid(53bcb377eb8de0f4396f15af4575a4f1) Importer(815301076,1909f56bfc062723c751e8b465ee728b)
Start importing Assets/Shaders/goop real.mat using Guid(53bcb377eb8de0f4396f15af4575a4f1) Importer(815301076,1909f56bfc062723c751e8b465ee728b)  -> (artifact id: '3e5e5da714a331fbd2cd32c52e4b8325') in 0.033315 seconds
Number of updated asset objects reloaded before import = 0
Number of asset objects unloaded after import = 4
========================================================================
Received Import Request.
  Time since last request: 10.802665 seconds.
  path: Assets/Shaders/goop real.mat
  artifactKey: Guid(53bcb377eb8de0f4396f15af4575a4f1) Importer(815301076,1909f56bfc062723c751e8b465ee728b)
Start importing Assets/Shaders/goop real.mat using Guid(53bcb377eb8de0f4396f15af4575a4f1) Importer(815301076,1909f56bfc062723c751e8b465ee728b)  -> (artifact id: 'ca9ad0457682ff7a2db169e6bef81916') in 0.142868 seconds
Number of updated asset objects reloaded before import = 0
Number of asset objects unloaded after import = 4
========================================================================
Received Import Request.
  Time since last request: 6.587175 seconds.
  path: Assets/UniversalRenderPipelineGlobalSettings.asset
  artifactKey: Guid(d2e72110d787ae04fb1965fc19155249) Importer(815301076,1909f56bfc062723c751e8b465ee728b)
Start importing Assets/UniversalRenderPipelineGlobalSettings.asset using Guid(d2e72110d787ae04fb1965fc19155249) Importer(815301076,1909f56bfc062723c751e8b465ee728b)  -> (artifact id: '77cb60bf777d614fad238f37ae2620d5') in 0.001029 seconds
Number of updated asset objects reloaded before import = 0
Number of asset objects unloaded after import = 1
========================================================================
Received Import Request.
  Time since last request: 4.889351 seconds.
  path: Assets/prefab
  artifactKey: Guid(07b64f6a6826b0444b48d6091c6d2fb7) Importer(815301076,1909f56bfc062723c751e8b465ee728b)
Start importing Assets/prefab using Guid(07b64f6a6826b0444b48d6091c6d2fb7) Importer(815301076,1909f56bfc062723c751e8b465ee728b)  -> (artifact id: '75cd47213beb2161cc4e2a954fdd8ae0') in 0.000420 seconds
Number of updated asset objects reloaded before import = 0
Number of asset objects unloaded after import = 0
========================================================================
Received Import Request.
  Time since last request: 5.631821 seconds.
  path: Assets/prefab/Goop 2.prefab
  artifactKey: Guid(ab3ace085c1538e4a907b449c4709e69) Importer(815301076,1909f56bfc062723c751e8b465ee728b)
Start importing Assets/prefab/Goop 2.prefab using Guid(ab3ace085c1538e4a907b449c4709e69) Importer(815301076,1909f56bfc062723c751e8b465ee728b)  -> (artifact id: 'd5ac859e3430fbeac0c2c1b015db5a7a') in 0.031717 seconds
Number of updated asset objects reloaded before import = 0
Number of asset objects unloaded after import = 10
========================================================================
Received Import Request.
  Time since last request: 149.189560 seconds.
  path: Assets/prefab/Goop.prefab
  artifactKey: Guid(1cede1eb4927d3e4cb656f63bca9cde7) Importer(815301076,1909f56bfc062723c751e8b465ee728b)
Start importing Assets/prefab/Goop.prefab using Guid(1cede1eb4927d3e4cb656f63bca9cde7) Importer(815301076,1909f56bfc062723c751e8b465ee728b)  -> (artifact id: 'c7ddb4862db073b20597ab7208c5e50a') in 0.001811 seconds
Number of updated asset objects reloaded before import = 0
Number of asset objects unloaded after import = 4
========================================================================
Received Prepare
Begin MonoManager ReloadAssembly
- Loaded All Assemblies, in  0.395 seconds
Refreshing native plugins compatible for Editor in 3.33 ms, found 4 plugins.
Native extension for WindowsStandalone target not found
[Package Manager] Server::EnsureServerProcessIsRunning -- launch failed, reason: Unity was launched with the -noUpm command-line argument
[Package Manager] UpmClient::Send -- Unable to send message (not connected to UPM process).
[Package Manager] Cannot connect to Unity Package Manager local server
Mono: successfully reloaded assembly
- Finished resetting the current domain, in  1.179 seconds
Domain Reload Profiling: 1572ms
	BeginReloadAssembly (140ms)
		ExecutionOrderSort (0ms)
		DisableScriptedObjects (11ms)
		BackupInstance (0ms)
		ReleaseScriptingObjects (0ms)
		CreateAndSetChildDomain (36ms)
	RebuildCommonClasses (28ms)
	RebuildNativeTypeToScriptingClass (8ms)
	initialDomainReloadingComplete (22ms)
	LoadAllAssembliesAndSetupDomain (194ms)
		LoadAssemblies (244ms)
		RebuildTransferFunctionScriptingTraits (0ms)
		AnalyzeDomain (15ms)
			TypeCache.Refresh (5ms)
				TypeCache.ScanAssembly (0ms)
			ScanForSourceGeneratedMonoScriptInfo (0ms)
			ResolveRequiredComponents (9ms)
	FinalizeReload (1180ms)
		ReleaseScriptCaches (0ms)
		RebuildScriptCaches (0ms)
		SetupLoadedEditorAssemblies (536ms)
			LogAssemblyErrors (0ms)
			InitializePlatformSupportModulesInManaged (6ms)
			SetLoadedEditorAssemblies (4ms)
			RefreshPlugins (0ms)
			BeforeProcessingInitializeOnLoad (94ms)
			ProcessInitializeOnLoadAttributes (348ms)
			ProcessInitializeOnLoadMethodAttributes (78ms)
			AfterProcessingInitializeOnLoad (7ms)
			EditorAssembliesLoaded (0ms)
		ExecutionOrderSort2 (0ms)
		AwakeInstancesAfterBackupRestoration (20ms)
Refreshing native plugins compatible for Editor in 4.83 ms, found 4 plugins.
Preloading 0 native plugins for Editor in 0.00 ms.
Unloading 5774 Unused Serialized files (Serialized files now loaded: 0)
Unloading 67 unused Assets / (1.8 MB). Loaded Objects now: 6493.
Memory consumption went from 213.9 MB to 212.1 MB.
Total: 4.165100 ms (FindLiveObjects: 0.495600 ms CreateObjectMapping: 0.159500 ms MarkObjects: 2.921900 ms  DeleteObjects: 0.585700 ms)

Prepare: number of updated asset objects reloaded= 0
AssetImportParameters requested are different than current active one (requested -> active):
  custom:container-demuxer-ogg: 62fdf1f143b41e24485cea50d1cbac27 -> 
  custom:video-codec-MediaFoundation-h265: 746d11721c4dcdbdad8f713fa42b33f4 -> 
  custom:video-decoder-ogg-theora: a1e56fd34408186e4bbccfd4996cb3dc -> 
  custom:framework-win-MediaFoundation: 216162199b28c13a410421893ffa2e32 -> 
  custom:CustomObjectIndexerAttribute: d54d2f2da18e7612c182cf67624b6b12 -> 
  custom:container-demuxer-webm: 4f35f7cbe854078d1ac9338744f61a02 -> 
  custom:container-muxer-webm: aa71ff27fc2769a1b78a27578f13a17b -> 
  custom:video-decoder-webm-vp8: 9c59270c3fd7afecdb556c50c9e8de78 -> 
  custom:SearchIndexIgnoredProperties: e643bd26f0fe6173181afceb89e7c659 -> 
  custom:AudioImporter_EditorPlatform: d09bf68614088b80899f8185d706f6e7 -> 
  custom:video-encoder-webm-vp8: eb34c28f22e8b96e1ab97ce403110664 -> 
  custom:audio-decoder-ogg-vorbis: bf7c407c2cedff20999df2af8eb42d56 -> 
  custom:audio-encoder-webm-vorbis: bf7c407c2cedff20999df2af8eb42d56 -> 
========================================================================
Received Prepare
Begin MonoManager ReloadAssembly
- Loaded All Assemblies, in  0.380 seconds
Refreshing native plugins compatible for Editor in 3.31 ms, found 4 plugins.
Native extension for WindowsStandalone target not found
[Package Manager] Server::EnsureServerProcessIsRunning -- launch failed, reason: Unity was launched with the -noUpm command-line argument
[Package Manager] UpmClient::Send -- Unable to send message (not connected to UPM process).
[Package Manager] Cannot connect to Unity Package Manager local server
Mono: successfully reloaded assembly
- Finished resetting the current domain, in  1.213 seconds
Domain Reload Profiling: 1590ms
	BeginReloadAssembly (127ms)
		ExecutionOrderSort (0ms)
		DisableScriptedObjects (8ms)
		BackupInstance (0ms)
		ReleaseScriptingObjects (0ms)
		CreateAndSetChildDomain (28ms)
	RebuildCommonClasses (23ms)
	RebuildNativeTypeToScriptingClass (7ms)
	initialDomainReloadingComplete (23ms)
	LoadAllAssembliesAndSetupDomain (196ms)
		LoadAssemblies (245ms)
		RebuildTransferFunctionScriptingTraits (0ms)
		AnalyzeDomain (15ms)
			TypeCache.Refresh (5ms)
				TypeCache.ScanAssembly (0ms)
			ScanForSourceGeneratedMonoScriptInfo (0ms)
			ResolveRequiredComponents (8ms)
	FinalizeReload (1214ms)
		ReleaseScriptCaches (0ms)
		RebuildScriptCaches (0ms)
		SetupLoadedEditorAssemblies (549ms)
			LogAssemblyErrors (0ms)
			InitializePlatformSupportModulesInManaged (8ms)
			SetLoadedEditorAssemblies (5ms)
			RefreshPlugins (0ms)
			BeforeProcessingInitializeOnLoad (93ms)
			ProcessInitializeOnLoadAttributes (359ms)
			ProcessInitializeOnLoadMethodAttributes (77ms)
			AfterProcessingInitializeOnLoad (7ms)
			EditorAssembliesLoaded (0ms)
		ExecutionOrderSort2 (0ms)
		AwakeInstancesAfterBackupRestoration (19ms)
Refreshing native plugins compatible for Editor in 5.18 ms, found 4 plugins.
Preloading 0 native plugins for Editor in 0.00 ms.
Unloading 5773 Unused Serialized files (Serialized files now loaded: 0)
Unloading 67 unused Assets / (1.8 MB). Loaded Objects now: 6510.
Memory consumption went from 215.5 MB to 213.7 MB.
Total: 4.602600 ms (FindLiveObjects: 0.387700 ms CreateObjectMapping: 0.181600 ms MarkObjects: 3.400800 ms  DeleteObjects: 0.630900 ms)

Prepare: number of updated asset objects reloaded= 0
AssetImportParameters requested are different than current active one (requested -> active):
  custom:container-demuxer-ogg: 62fdf1f143b41e24485cea50d1cbac27 -> 
  custom:video-codec-MediaFoundation-h265: 746d11721c4dcdbdad8f713fa42b33f4 -> 
  custom:video-decoder-ogg-theora: a1e56fd34408186e4bbccfd4996cb3dc -> 
  custom:framework-win-MediaFoundation: 216162199b28c13a410421893ffa2e32 -> 
  custom:CustomObjectIndexerAttribute: d54d2f2da18e7612c182cf67624b6b12 -> 
  custom:container-demuxer-webm: 4f35f7cbe854078d1ac9338744f61a02 -> 
  custom:container-muxer-webm: aa71ff27fc2769a1b78a27578f13a17b -> 
  custom:video-decoder-webm-vp8: 9c59270c3fd7afecdb556c50c9e8de78 -> 
  custom:SearchIndexIgnoredProperties: e643bd26f0fe6173181afceb89e7c659 -> 
  custom:AudioImporter_EditorPlatform: d09bf68614088b80899f8185d706f6e7 -> 
  custom:video-encoder-webm-vp8: eb34c28f22e8b96e1ab97ce403110664 -> 
  custom:audio-decoder-ogg-vorbis: bf7c407c2cedff20999df2af8eb42d56 -> 
  custom:audio-encoder-webm-vorbis: bf7c407c2cedff20999df2af8eb42d56 -> 
========================================================================
Received Import Request.
  Time since last request: 151.561960 seconds.
  path: Assets/prefab/Goop 2.prefab
  artifactKey: Guid(ab3ace085c1538e4a907b449c4709e69) Importer(815301076,1909f56bfc062723c751e8b465ee728b)
Start importing Assets/prefab/Goop 2.prefab using Guid(ab3ace085c1538e4a907b449c4709e69) Importer(815301076,1909f56bfc062723c751e8b465ee728b)  -> (artifact id: 'e6e5c5408b821766877ba7a3af06d122') in 0.182408 seconds
Number of updated asset objects reloaded before import = 0
Number of asset objects unloaded after import = 27
========================================================================
Received Import Request.
  Time since last request: 16.126581 seconds.
  path: Assets/Sprites/assets extra bpw 3.png
  artifactKey: Guid(47d31712ca88bfb4b80bdc9984ec03a3) Importer(815301076,1909f56bfc062723c751e8b465ee728b)
Start importing Assets/Sprites/assets extra bpw 3.png using Guid(47d31712ca88bfb4b80bdc9984ec03a3) Importer(815301076,1909f56bfc062723c751e8b465ee728b)  -> (artifact id: '2f74540f6fc738c95e189325941323f4') in 0.087475 seconds
Number of updated asset objects reloaded before import = 0
Number of asset objects unloaded after import = 24
========================================================================
Received Import Request.
  Time since last request: 0.000027 seconds.
  path: Assets/Sprites/random ahh texture1.png
  artifactKey: Guid(4a23928d23972a14ea2bc29bd58610fd) Importer(815301076,1909f56bfc062723c751e8b465ee728b)
Start importing Assets/Sprites/random ahh texture1.png using Guid(4a23928d23972a14ea2bc29bd58610fd) Importer(815301076,1909f56bfc062723c751e8b465ee728b)  -> (artifact id: 'b01993b782c639d97bc1e19c1eacebf6') in 0.028428 seconds
Number of updated asset objects reloaded before import = 0
Number of asset objects unloaded after import = 3
========================================================================
Received Import Request.
  Time since last request: 0.000021 seconds.
  path: Assets/Sprites/tilemap test-Recovered.png
  artifactKey: Guid(f00f444c56f227c40847df06e816fec2) Importer(815301076,1909f56bfc062723c751e8b465ee728b)
Start importing Assets/Sprites/tilemap test-Recovered.png using Guid(f00f444c56f227c40847df06e816fec2) Importer(815301076,1909f56bfc062723c751e8b465ee728b)  -> (artifact id: '24fcfb1c4bbf93f0b690fa8c8d0bbb69') in 0.131061 seconds
Number of updated asset objects reloaded before import = 0
Number of asset objects unloaded after import = 42
========================================================================
Received Import Request.
  Time since last request: 56.714828 seconds.
  path: Assets/Tiles/assets extra bpw 3_0.asset
  artifactKey: Guid(798260272fd97014eb3a368960099fd7) Importer(815301076,1909f56bfc062723c751e8b465ee728b)
Start importing Assets/Tiles/assets extra bpw 3_0.asset using Guid(798260272fd97014eb3a368960099fd7) Importer(815301076,1909f56bfc062723c751e8b465ee728b)  -> (artifact id: '333346c92755f370c5a6b20a3103c587') in 0.037060 seconds
Number of updated asset objects reloaded before import = 0
Number of asset objects unloaded after import = 3
========================================================================
Received Import Request.
  Time since last request: 0.000022 seconds.
  path: Assets/Tiles/assets extra bpw 3_14.asset
  artifactKey: Guid(783cf1db422950a4d9ae8627ecf2b523) Importer(815301076,1909f56bfc062723c751e8b465ee728b)
Start importing Assets/Tiles/assets extra bpw 3_14.asset using Guid(783cf1db422950a4d9ae8627ecf2b523) Importer(815301076,1909f56bfc062723c751e8b465ee728b)  -> (artifact id: 'cc39b680d87bd2543ae127d90e31f75c') in 0.024617 seconds
Number of updated asset objects reloaded before import = 0
Number of asset objects unloaded after import = 3
========================================================================
Received Import Request.
  Time since last request: 0.000024 seconds.
  path: Assets/Tiles/tilemap test-Recovered_5.asset
  artifactKey: Guid(dae567643461e55429e88e9a3cc9ea77) Importer(815301076,1909f56bfc062723c751e8b465ee728b)
Start importing Assets/Tiles/tilemap test-Recovered_5.asset using Guid(dae567643461e55429e88e9a3cc9ea77) Importer(815301076,1909f56bfc062723c751e8b465ee728b)  -> (artifact id: '283136f964fa4a5a756d0cf7bc42a661') in 0.014483 seconds
Number of updated asset objects reloaded before import = 0
Number of asset objects unloaded after import = 3
========================================================================
Received Import Request.
  Time since last request: 0.000017 seconds.
  path: Assets/Tiles/tilemap test-Recovered_12.asset
  artifactKey: Guid(c4c2409aa4578504ea4bd829941aa48d) Importer(815301076,1909f56bfc062723c751e8b465ee728b)
Start importing Assets/Tiles/tilemap test-Recovered_12.asset using Guid(c4c2409aa4578504ea4bd829941aa48d) Importer(815301076,1909f56bfc062723c751e8b465ee728b)  -> (artifact id: '4f8f7d4e5bccb519ecad3cf9452b53b0') in 0.014288 seconds
Number of updated asset objects reloaded before import = 0
Number of asset objects unloaded after import = 3
========================================================================
Received Import Request.
  Time since last request: 0.000017 seconds.
  path: Assets/Tiles/tilemap test-Recovered_4.asset
  artifactKey: Guid(fcc246eed520ff1488b0666704d924de) Importer(815301076,1909f56bfc062723c751e8b465ee728b)
Start importing Assets/Tiles/tilemap test-Recovered_4.asset using Guid(fcc246eed520ff1488b0666704d924de) Importer(815301076,1909f56bfc062723c751e8b465ee728b)  -> (artifact id: '28c1fccf4f8471cb9590715d20cc1d16') in 0.015446 seconds
Number of updated asset objects reloaded before import = 0
Number of asset objects unloaded after import = 3
========================================================================
Received Import Request.
  Time since last request: 0.000018 seconds.
  path: Assets/Tiles/tilemap test-Recovered_21.asset
  artifactKey: Guid(eb673ac5a2a17f148a819484fe8e0e6a) Importer(815301076,1909f56bfc062723c751e8b465ee728b)
Start importing Assets/Tiles/tilemap test-Recovered_21.asset using Guid(eb673ac5a2a17f148a819484fe8e0e6a) Importer(815301076,1909f56bfc062723c751e8b465ee728b)  -> (artifact id: 'cf34ded104052d8b25763aa338ebe003') in 0.010259 seconds
Number of updated asset objects reloaded before import = 0
Number of asset objects unloaded after import = 3
========================================================================
Received Import Request.
  Time since last request: 0.000018 seconds.
  path: Assets/Tiles/tilemap test-Recovered_24.asset
  artifactKey: Guid(b73caf499cacc054f8d77422459f3cd4) Importer(815301076,1909f56bfc062723c751e8b465ee728b)
Start importing Assets/Tiles/tilemap test-Recovered_24.asset using Guid(b73caf499cacc054f8d77422459f3cd4) Importer(815301076,1909f56bfc062723c751e8b465ee728b)  -> (artifact id: '71ab770d14fddbeb285d45ccb19a2e1a') in 0.018384 seconds
Number of updated asset objects reloaded before import = 0
Number of asset objects unloaded after import = 3
========================================================================
Received Import Request.
  Time since last request: 0.000018 seconds.
  path: Assets/Tiles/tilemap test-Recovered_31.asset
  artifactKey: Guid(fd66e19a5ac7d454dbe4ef32e5165e9e) Importer(815301076,1909f56bfc062723c751e8b465ee728b)
Start importing Assets/Tiles/tilemap test-Recovered_31.asset using Guid(fd66e19a5ac7d454dbe4ef32e5165e9e) Importer(815301076,1909f56bfc062723c751e8b465ee728b)  -> (artifact id: '74d557dde6dea5135018ba943351beee') in 0.011875 seconds
Number of updated asset objects reloaded before import = 0
Number of asset objects unloaded after import = 3
========================================================================
Received Import Request.
  Time since last request: 0.000043 seconds.
  path: Assets/Tiles/tilemap test-Recovered_34.asset
  artifactKey: Guid(3a9b2292f60dfbf43924ad22c346270d) Importer(815301076,1909f56bfc062723c751e8b465ee728b)
Start importing Assets/Tiles/tilemap test-Recovered_34.asset using Guid(3a9b2292f60dfbf43924ad22c346270d) Importer(815301076,1909f56bfc062723c751e8b465ee728b)  -> (artifact id: '02aaf710cbeb1e1bd7784df856e008a2') in 0.013484 seconds
Number of updated asset objects reloaded before import = 0
Number of asset objects unloaded after import = 3
========================================================================
Received Import Request.
  Time since last request: 0.000027 seconds.
  path: Assets/Tiles/tilemap test-Recovered_39.asset
  artifactKey: Guid(d1670dcf327f9cd4cb9aed30bb2ba202) Importer(815301076,1909f56bfc062723c751e8b465ee728b)
Start importing Assets/Tiles/tilemap test-Recovered_39.asset using Guid(d1670dcf327f9cd4cb9aed30bb2ba202) Importer(815301076,1909f56bfc062723c751e8b465ee728b)  -> (artifact id: '6901d253ed7476b41d3bf67563a39681') in 0.019083 seconds
Number of updated asset objects reloaded before import = 0
Number of asset objects unloaded after import = 3
========================================================================
Received Import Request.
  Time since last request: 0.000020 seconds.
  path: Assets/Tiles/tilemap test-Recovered_27.asset
  artifactKey: Guid(4fcc8e32f50d5464fac2c9e250262e28) Importer(815301076,1909f56bfc062723c751e8b465ee728b)
Start importing Assets/Tiles/tilemap test-Recovered_27.asset using Guid(4fcc8e32f50d5464fac2c9e250262e28) Importer(815301076,1909f56bfc062723c751e8b465ee728b)  -> (artifact id: 'd7a17296454c61c1b1df54f7806c0e95') in 0.018452 seconds
Number of updated asset objects reloaded before import = 0
Number of asset objects unloaded after import = 3
========================================================================
Received Import Request.
  Time since last request: 0.000025 seconds.
  path: Assets/Tiles/fixed background hopefully.asset
  artifactKey: Guid(a9471109d64a1604299394da1dc5f504) Importer(815301076,1909f56bfc062723c751e8b465ee728b)
Start importing Assets/Tiles/fixed background hopefully.asset using Guid(a9471109d64a1604299394da1dc5f504) Importer(815301076,1909f56bfc062723c751e8b465ee728b)  -> (artifact id: 'a3986fad283ec46b985be2b781d7ac5a') in 0.025764 seconds
Number of updated asset objects reloaded before import = 0
Number of asset objects unloaded after import = 3
========================================================================
Received Import Request.
  Time since last request: 0.000024 seconds.
  path: Assets/Tiles/tilemap test-Recovered_28.asset
  artifactKey: Guid(737f7e7c9a8ceae4bbf8b2df162a2698) Importer(815301076,1909f56bfc062723c751e8b465ee728b)
Start importing Assets/Tiles/tilemap test-Recovered_28.asset using Guid(737f7e7c9a8ceae4bbf8b2df162a2698) Importer(815301076,1909f56bfc062723c751e8b465ee728b)  -> (artifact id: 'c122918ed802fa2b6dfc60c5bda10718') in 0.014683 seconds
Number of updated asset objects reloaded before import = 0
Number of asset objects unloaded after import = 3
========================================================================
Received Import Request.
  Time since last request: 0.000027 seconds.
  path: Assets/Tiles/assets extra bpw 3_8.asset
  artifactKey: Guid(43158824458bc5042921f2892ed1df57) Importer(815301076,1909f56bfc062723c751e8b465ee728b)
Start importing Assets/Tiles/assets extra bpw 3_8.asset using Guid(43158824458bc5042921f2892ed1df57) Importer(815301076,1909f56bfc062723c751e8b465ee728b)  -> (artifact id: '45caeaa3f75fffce0a625a7f828146d7') in 0.022536 seconds
Number of updated asset objects reloaded before import = 0
Number of asset objects unloaded after import = 3
========================================================================
Received Import Request.
  Time since last request: 0.000018 seconds.
  path: Assets/Tiles/tilemap test-Recovered_16.asset
  artifactKey: Guid(18e17a640acce714e83795196aded639) Importer(815301076,1909f56bfc062723c751e8b465ee728b)
Start importing Assets/Tiles/tilemap test-Recovered_16.asset using Guid(18e17a640acce714e83795196aded639) Importer(815301076,1909f56bfc062723c751e8b465ee728b)  -> (artifact id: 'c4604979e0954cc5b05557fb8a5c423c') in 0.013104 seconds
Number of updated asset objects reloaded before import = 0
Number of asset objects unloaded after import = 3
========================================================================
Received Import Request.
  Time since last request: 0.000018 seconds.
  path: Assets/Tiles/tilemap test-Recovered_10.asset
  artifactKey: Guid(71cc7aaa41b00ed418adde4f3a11a33a) Importer(815301076,1909f56bfc062723c751e8b465ee728b)
Start importing Assets/Tiles/tilemap test-Recovered_10.asset using Guid(71cc7aaa41b00ed418adde4f3a11a33a) Importer(815301076,1909f56bfc062723c751e8b465ee728b)  -> (artifact id: '478d2235af1839a0a267691943961064') in 0.016518 seconds
Number of updated asset objects reloaded before import = 0
Number of asset objects unloaded after import = 3
========================================================================
Received Import Request.
  Time since last request: 0.000030 seconds.
  path: Assets/Tiles/tilemap test-Recovered_26.asset
  artifactKey: Guid(8a4347f7a5c539f4987e5bd08d7e594f) Importer(815301076,1909f56bfc062723c751e8b465ee728b)
Start importing Assets/Tiles/tilemap test-Recovered_26.asset using Guid(8a4347f7a5c539f4987e5bd08d7e594f) Importer(815301076,1909f56bfc062723c751e8b465ee728b)  -> (artifact id: '989e7c5a1d0724586f06b23513dab6d7') in 0.015820 seconds
Number of updated asset objects reloaded before import = 0
Number of asset objects unloaded after import = 3
========================================================================
Received Import Request.
  Time since last request: 0.000021 seconds.
  path: Assets/Tiles/assets extra bpw 3_17.asset
  artifactKey: Guid(20516e4d2e1dec5428b65dd1f2f06ee7) Importer(815301076,1909f56bfc062723c751e8b465ee728b)
Start importing Assets/Tiles/assets extra bpw 3_17.asset using Guid(20516e4d2e1dec5428b65dd1f2f06ee7) Importer(815301076,1909f56bfc062723c751e8b465ee728b)  -> (artifact id: 'eb9bde0a8de319d50ff15aefdf88be98') in 0.023892 seconds
Number of updated asset objects reloaded before import = 0
Number of asset objects unloaded after import = 3
========================================================================
Received Import Request.
  Time since last request: 0.000028 seconds.
  path: Assets/Tiles/tilemap test-Recovered_20.asset
  artifactKey: Guid(9e13ee1c6abc0ac4a9498e85f5a990ff) Importer(815301076,1909f56bfc062723c751e8b465ee728b)
Start importing Assets/Tiles/tilemap test-Recovered_20.asset using Guid(9e13ee1c6abc0ac4a9498e85f5a990ff) Importer(815301076,1909f56bfc062723c751e8b465ee728b)  -> (artifact id: 'fbabb8129d3dff8d2e186732c0774c23') in 0.013225 seconds
Number of updated asset objects reloaded before import = 0
Number of asset objects unloaded after import = 3
========================================================================
Received Import Request.
  Time since last request: 0.000057 seconds.
  path: Assets/Tiles/assets extra bpw 3_7.asset
  artifactKey: Guid(35cdeea544bd6d84785a8ec878ff9462) Importer(815301076,1909f56bfc062723c751e8b465ee728b)
Start importing Assets/Tiles/assets extra bpw 3_7.asset using Guid(35cdeea544bd6d84785a8ec878ff9462) Importer(815301076,1909f56bfc062723c751e8b465ee728b)  -> (artifact id: '3d7787deba630d9c79e2772865e1b984') in 0.024796 seconds
Number of updated asset objects reloaded before import = 0
Number of asset objects unloaded after import = 3
========================================================================
Received Import Request.
  Time since last request: 0.000019 seconds.
  path: Assets/Tiles/tilemap test-Recovered_18.asset
  artifactKey: Guid(6d469ca22e039944f9c4239ed3ce8e27) Importer(815301076,1909f56bfc062723c751e8b465ee728b)
Start importing Assets/Tiles/tilemap test-Recovered_18.asset using Guid(6d469ca22e039944f9c4239ed3ce8e27) Importer(815301076,1909f56bfc062723c751e8b465ee728b)  -> (artifact id: '54bc0237b7c743a1fa2bf420cdc665cd') in 0.016719 seconds
Number of updated asset objects reloaded before import = 0
Number of asset objects unloaded after import = 3
========================================================================
Received Import Request.
  Time since last request: 0.000035 seconds.
  path: Assets/Tiles/tilemap test-Recovered_0.asset
  artifactKey: Guid(f18860c355f6d7d4a9259734a951d2d8) Importer(815301076,1909f56bfc062723c751e8b465ee728b)
Start importing Assets/Tiles/tilemap test-Recovered_0.asset using Guid(f18860c355f6d7d4a9259734a951d2d8) Importer(815301076,1909f56bfc062723c751e8b465ee728b)  -> (artifact id: '0f0ca02893875f22dc5c32db9ff301df') in 0.011642 seconds
Number of updated asset objects reloaded before import = 0
Number of asset objects unloaded after import = 3
========================================================================
Received Import Request.
  Time since last request: 0.000018 seconds.
  path: Assets/Tiles/tilemap test-Recovered_11.asset
  artifactKey: Guid(dd974938ca67e774689eae2011be76a5) Importer(815301076,1909f56bfc062723c751e8b465ee728b)
Start importing Assets/Tiles/tilemap test-Recovered_11.asset using Guid(dd974938ca67e774689eae2011be76a5) Importer(815301076,1909f56bfc062723c751e8b465ee728b)  -> (artifact id: 'e7f3fbec3f7cfed48bec42ab59c0bbbf') in 0.011498 seconds
Number of updated asset objects reloaded before import = 0
Number of asset objects unloaded after import = 3
Editor requested this worker to shutdown with reason: Scaling down because of idle timeout
TcpMessagingSession - receive error: operation aborted. errorcode: 995, details: The I/O operation has been aborted because of either a thread exit or an application request.
AssetImportWorker is now disconnected from the server
Process exiting
Exiting without the bug reporter. Application will terminate with return code 0